time=2026-03-30T18:32:02.100-03:00 level=INFO msg=api_listening addr=:8080 env=development
time=2026-03-30T18:32:07.696-03:00 level=INFO msg=http_request request_id=313dddc4d9cf3d07ae3e198f method=GET path=/healthz status=200 duration=507.7µs
time=2026-03-30T18:32:54.560-03:00 level=INFO msg=http_request request_id=309e444d88aa697b9b261db8 method=POST path=/v1/auth/login status=200 duration=435.5332ms
time=2026-03-30T18:32:54.872-03:00 level=INFO msg=http_request request_id=c29903de25a3f19c5899ae31 method=GET path=/v1/auth/me status=200 duration=5.1731ms
time=2026-03-30T18:36:38.993-03:00 level=INFO msg=http_request request_id=59d2fd2c4b3e43a6d1484b5c method=POST path=/v1/auth/login status=200 duration=97.238ms
time=2026-03-30T18:36:39.018-03:00 level=INFO msg=http_request request_id=1a86c3286dbee71b8944743c method=GET path=/v1/auth/me status=200 duration=2.6159ms
time=2026-03-30T18:36:40.648-03:00 level=INFO msg=http_request request_id=bcfb15c8caa958a869a4b6e5 method=POST path=/v1/auth/login status=200 duration=68.8558ms
time=2026-03-30T18:36:40.658-03:00 level=INFO msg=http_request request_id=ff932b906f57bc79b7575497 method=GET path=/v1/auth/me status=200 duration=2.9075ms
time=2026-03-30T18:38:20.406-03:00 level=INFO msg=http_request request_id=4b32abea8280462ad2e08d32 method=POST path=/v1/auth/login status=200 duration=71.9208ms
time=2026-03-30T18:38:20.412-03:00 level=INFO msg=http_request request_id=659dfbab5c36f79d86a21df4 method=GET path=/v1/auth/me status=200 duration=1.0685ms
time=2026-03-30T18:38:24.809-03:00 level=INFO msg=http_request request_id=b3c76e56916c3e04ad84efa3 method=POST path=/v1/auth/login status=200 duration=69.4043ms
time=2026-03-30T18:38:24.816-03:00 level=INFO msg=http_request request_id=7d652b59fbe37b2a0f421e54 method=GET path=/v1/auth/me status=200 duration=2.1769ms
time=2026-03-30T18:38:25.317-03:00 level=INFO msg=http_request request_id=aff6166353f19e65cddcc554 method=POST path=/v1/auth/login status=200 duration=70.8605ms
time=2026-03-30T18:38:25.343-03:00 level=INFO msg=http_request request_id=511da2c7d7762193872b5089 method=GET path=/v1/auth/me status=200 duration=1.7878ms
time=2026-03-30T18:38:25.653-03:00 level=INFO msg=http_request request_id=1da67f37b53610ec0a56e85b method=POST path=/v1/auth/login status=200 duration=63.5366ms
time=2026-03-30T18:38:25.660-03:00 level=INFO msg=http_request request_id=2fd5da26d5860b0431c5f080 method=GET path=/v1/auth/me status=200 duration=801.9µs
time=2026-03-30T18:38:25.974-03:00 level=INFO msg=http_request request_id=0c4547750373ebb8357487fd method=POST path=/v1/auth/login status=200 duration=69.8137ms
time=2026-03-30T18:38:25.986-03:00 level=INFO msg=http_request request_id=55647cbedcd504be93014ada method=GET path=/v1/auth/me status=200 duration=1.5317ms
time=2026-03-30T18:40:31.844-03:00 level=INFO msg=http_request request_id=1306de82ba261878aa15aefd method=POST path=/v1/auth/login status=200 duration=101.8811ms
time=2026-03-30T18:40:31.854-03:00 level=INFO msg=http_request request_id=54c0a0bf5429dac26be91109 method=GET path=/v1/auth/me status=200 duration=1.852ms
time=2026-03-30T18:40:32.685-03:00 level=INFO msg=http_request request_id=02c5247fdc2baa2987555f83 method=GET path=/v1/auth/me status=200 duration=2.926ms
time=2026-03-30T18:40:33.302-03:00 level=INFO msg=http_request request_id=d21daed5ac061bb7f896d775 method=GET path=/v1/auth/me status=200 duration=1.7709ms
time=2026-03-30T18:40:33.791-03:00 level=INFO msg=http_request request_id=41a00635261a6d3f99178eee method=GET path=/v1/auth/me status=200 duration=2.1912ms
time=2026-03-30T18:40:33.836-03:00 level=INFO msg=http_request request_id=1a4926b88093d7a0fc0ba6eb method=GET path=/v1/auth/me status=200 duration=1.1956ms
time=2026-03-30T18:40:33.864-03:00 level=INFO msg=http_request request_id=2f307409773ba77616709b33 method=GET path=/v1/auth/me status=200 duration=1.7691ms
time=2026-03-30T18:40:33.888-03:00 level=INFO msg=http_request request_id=6ab3291e29774bc9bd415129 method=GET path=/v1/auth/me status=200 duration=2.7989ms
time=2026-03-30T18:40:34.021-03:00 level=INFO msg=http_request request_id=1c9cd06b92a1bcffef1f1bfb method=GET path=/v1/auth/me status=200 duration=1.2296ms
time=2026-03-30T18:40:34.091-03:00 level=INFO msg=http_request request_id=72b565d4796816d30207ac18 method=GET path=/v1/auth/me status=200 duration=2.495ms
time=2026-03-30T18:40:34.136-03:00 level=INFO msg=http_request request_id=048568160ecfb72aa9d6328b method=GET path=/v1/auth/me status=200 duration=1.2507ms
time=2026-03-30T18:40:34.169-03:00 level=INFO msg=http_request request_id=fc1d49cb19ea04f89acf5bbc method=GET path=/v1/auth/me status=200 duration=1.0825ms
time=2026-03-30T18:40:34.267-03:00 level=INFO msg=http_request request_id=f1706c975f882dcfe047f592 method=GET path=/v1/auth/me status=200 duration=1.1548ms
time=2026-03-30T18:41:19.052-03:00 level=INFO msg=http_request request_id=91fba10efb71d3e6867cdbf2 method=POST path=/v1/auth/login status=200 duration=115.8523ms
time=2026-03-30T18:41:19.067-03:00 level=INFO msg=http_request request_id=06672af7d15cd8087ffb42de method=GET path=/v1/auth/me status=200 duration=4.0108ms
time=2026-03-30T18:41:19.175-03:00 level=INFO msg=http_request request_id=2d9b758e7afe8265e914311b method=GET path=/v1/auth/me status=200 duration=1.1745ms
time=2026-03-30T18:41:19.360-03:00 level=INFO msg=http_request request_id=19b31d8c48496d7e9a3064a3 method=GET path=/v1/auth/me status=200 duration=1.1803ms
time=2026-03-30T18:41:19.386-03:00 level=INFO msg=http_request request_id=b12593ff286fe60ea78d3b29 method=GET path=/v1/auth/me status=200 duration=1.2834ms
time=2026-03-30T18:41:19.388-03:00 level=INFO msg=http_request request_id=92023e75bc6d3487a7e86c4a method=GET path=/v1/auth/me status=200 duration=1.5419ms
time=2026-03-30T18:41:19.516-03:00 level=INFO msg=http_request request_id=931472285b5c6b4cb4b6bd6f method=GET path=/v1/auth/me status=200 duration=128.3035ms
time=2026-03-30T18:41:19.548-03:00 level=INFO msg=http_request request_id=358b49e26f4f19c5a604b7d8 method=GET path=/v1/auth/me status=200 duration=3.2902ms
