time=2026-03-30T23:59:46.284-03:00 level=INFO msg=api_listening addr=:8080 env=development
time=2026-03-30T23:59:46.641-03:00 level=INFO msg=http_request request_id=67c170602147edbe0d102be7 method=GET path=/healthz status=200 duration=0s
time=2026-03-31T00:00:10.638-03:00 level=INFO msg=http_request request_id=d4060405e95c179170382440 method=POST path=/v1/auth/login status=200 duration=87.116ms
time=2026-03-31T00:00:10.653-03:00 level=INFO msg=http_request request_id=67171751274fcefe1920bb7c method=GET path=/v1/me/context status=200 duration=6.7851ms
time=2026-03-31T00:00:10.705-03:00 level=INFO msg=http_request request_id=d87837dd4e2a3225b242ce58 method=GET path=/v1/settings status=200 duration=20.956ms
time=2026-03-31T00:00:10.766-03:00 level=INFO msg=http_request request_id=befc3461f5b07035de98dd19 method=GET path=/v1/consultants status=200 duration=81.4612ms
time=2026-03-31T00:00:10.776-03:00 level=INFO msg=http_request request_id=f21d82770f9eea5b010ccf1a method=GET path=/v1/operations/snapshot status=200 duration=91.8504ms
time=2026-03-31T00:00:11.325-03:00 level=INFO msg=http_request request_id=3511ddf82bee97428e46a7d0 method=GET path=/v1/me/context status=200 duration=9.4476ms
time=2026-03-31T00:00:11.357-03:00 level=INFO msg=http_request request_id=4d4a1cdfe41ca9b2285db172 method=GET path=/v1/consultants status=200 duration=3.2727ms
time=2026-03-31T00:00:11.364-03:00 level=INFO msg=http_request request_id=e671701fae3bb13a2e1db5cd method=GET path=/v1/settings status=200 duration=10.3487ms
time=2026-03-31T00:00:11.378-03:00 level=INFO msg=http_request request_id=126f783b5d1b7d5709a1a3a4 method=GET path=/v1/operations/snapshot status=200 duration=22.8098ms
time=2026-03-31T00:00:11.755-03:00 level=INFO msg=http_request request_id=43483964265825a944770c91 method=GET path=/v1/me/context status=200 duration=2.7665ms
time=2026-03-31T00:00:11.765-03:00 level=INFO msg=http_request request_id=2cb168315837a97fe6496fb1 method=GET path=/v1/consultants status=200 duration=3.7454ms
time=2026-03-31T00:00:11.767-03:00 level=INFO msg=http_request request_id=0551ac17a7860df5664e07eb method=GET path=/v1/settings status=200 duration=5.5032ms
time=2026-03-31T00:00:11.782-03:00 level=INFO msg=http_request request_id=3df0f73e75d8a8cf7001c0bf method=GET path=/v1/operations/snapshot status=200 duration=19.3012ms
time=2026-03-31T00:00:12.282-03:00 level=INFO msg=http_request request_id=34074806092b3d065f4011cc method=GET path=/v1/me/context status=200 duration=9.9317ms
time=2026-03-31T00:00:12.291-03:00 level=INFO msg=http_request request_id=c11a177da0584fdf5bb8a6b5 method=GET path=/v1/consultants status=200 duration=2.6211ms
time=2026-03-31T00:00:12.294-03:00 level=INFO msg=http_request request_id=518262b506cd28e23f5886ea method=GET path=/v1/settings status=200 duration=6.13ms
time=2026-03-31T00:00:12.296-03:00 level=INFO msg=http_request request_id=48acaee1b2b5adeec8ba74d1 method=GET path=/v1/operations/snapshot status=200 duration=7.1041ms
time=2026-03-31T00:00:12.329-03:00 level=INFO msg=http_request request_id=be6ba1681ab0e7b5c4b96cc7 method=GET path=/v1/me/context status=200 duration=4.4761ms
time=2026-03-31T00:00:12.331-03:00 level=INFO msg=http_request request_id=92a631a4933ab57343e19329 method=GET path=/v1/me/context status=200 duration=3.8687ms
time=2026-03-31T00:00:12.332-03:00 level=INFO msg=http_request request_id=2c3af8c276610a622703b92c method=GET path=/v1/me/context status=200 duration=3.3805ms
time=2026-03-31T00:00:12.345-03:00 level=INFO msg=http_request request_id=2cab2fe86ef90ff72e5b25ef method=GET path=/v1/settings status=200 duration=7.7249ms
time=2026-03-31T00:00:12.347-03:00 level=INFO msg=http_request request_id=4ed5b4c7d3a33ec255659748 method=GET path=/v1/settings status=200 duration=14.113ms
time=2026-03-31T00:00:12.354-03:00 level=INFO msg=http_request request_id=9ace41374cfc132f92d5b9c9 method=GET path=/v1/consultants status=200 duration=1.6751ms
time=2026-03-31T00:00:12.354-03:00 level=INFO msg=http_request request_id=803568ee8d2eb7290496a5f9 method=GET path=/v1/consultants status=200 duration=2.1865ms
time=2026-03-31T00:00:12.355-03:00 level=INFO msg=http_request request_id=9de4aa9f11b04645fbba5b5f method=GET path=/v1/consultants status=200 duration=716.6µs
time=2026-03-31T00:00:12.356-03:00 level=INFO msg=http_request request_id=f2b6ce3b8a10f35dc5db5d61 method=GET path=/v1/operations/snapshot status=200 duration=3.6864ms
time=2026-03-31T00:00:12.359-03:00 level=INFO msg=http_request request_id=58a20bc7da7e6edf3a822aa0 method=GET path=/v1/operations/snapshot status=200 duration=4.9985ms
time=2026-03-31T00:00:12.412-03:00 level=INFO msg=http_request request_id=07f32e96864a5f4b6e72d035 method=GET path=/v1/settings status=200 duration=58.6444ms
time=2026-03-31T00:00:12.419-03:00 level=INFO msg=http_request request_id=bfec6cc5ab5fd5e7e5730dd9 method=GET path=/v1/operations/snapshot status=200 duration=66.3547ms
time=2026-03-31T00:00:12.476-03:00 level=INFO msg=http_request request_id=45811b30343c652951cd5219 method=GET path=/v1/me/context status=200 duration=8.7516ms
time=2026-03-31T00:00:12.483-03:00 level=INFO msg=http_request request_id=c9be34fa05faa540d494f332 method=GET path=/v1/consultants status=200 duration=1.8993ms
time=2026-03-31T00:00:12.490-03:00 level=INFO msg=http_request request_id=182b6c16cc71aafcbae1f2f7 method=GET path=/v1/settings status=200 duration=9.5173ms
time=2026-03-31T00:00:12.499-03:00 level=INFO msg=http_request request_id=bd720ccff0d387a18c34e724 method=GET path=/v1/operations/snapshot status=200 duration=18.0851ms
time=2026-03-31T00:00:12.507-03:00 level=INFO msg=http_request request_id=fefc976bb975d87954a8c8a5 method=GET path=/v1/me/context status=200 duration=6.9394ms
time=2026-03-31T00:00:12.517-03:00 level=INFO msg=http_request request_id=5a19d2ec5d0d3327f70a3e30 method=GET path=/v1/me/context status=200 duration=3.2656ms
time=2026-03-31T00:00:12.521-03:00 level=INFO msg=http_request request_id=e724d47f6a4cd66509f46d39 method=GET path=/v1/consultants status=200 duration=2.2899ms
time=2026-03-31T00:00:12.521-03:00 level=INFO msg=http_request request_id=45f4d820612d1b289e1a8f59 method=GET path=/v1/settings status=200 duration=2.8315ms
time=2026-03-31T00:00:12.522-03:00 level=INFO msg=http_request request_id=aa236a7016c24e8e156c0763 method=GET path=/v1/operations/snapshot status=200 duration=3.0627ms
time=2026-03-31T00:00:12.527-03:00 level=INFO msg=http_request request_id=474770029752f03d5bf983f7 method=GET path=/v1/consultants status=200 duration=3.6886ms
time=2026-03-31T00:00:12.528-03:00 level=INFO msg=http_request request_id=8c5fe4f4e5d5eb53afbf28b3 method=GET path=/v1/settings status=200 duration=4.2249ms
time=2026-03-31T00:00:12.529-03:00 level=INFO msg=http_request request_id=9ce5a1b04f49de88164abe98 method=GET path=/v1/operations/snapshot status=200 duration=4.9838ms
time=2026-03-31T00:00:12.594-03:00 level=INFO msg=http_request request_id=22ba519457e79b0cef7be5f5 method=GET path=/v1/me/context status=200 duration=5.2001ms
time=2026-03-31T00:00:12.600-03:00 level=INFO msg=http_request request_id=4f5ca1d54ddbaae1d8b22874 method=GET path=/v1/consultants status=200 duration=1.9073ms
time=2026-03-31T00:00:12.601-03:00 level=INFO msg=http_request request_id=06c9c3a4d6b480a2f669cc0e method=GET path=/v1/settings status=200 duration=2.9639ms
time=2026-03-31T00:00:12.602-03:00 level=INFO msg=http_request request_id=f119410baad954104df17ac1 method=GET path=/v1/operations/snapshot status=200 duration=3.5115ms
time=2026-03-31T00:00:12.694-03:00 level=INFO msg=http_request request_id=0f25eaeb7d310795477dec37 method=GET path=/v1/me/context status=200 duration=4.0835ms
time=2026-03-31T00:00:12.700-03:00 level=INFO msg=http_request request_id=982f82b9f867880c93d74348 method=GET path=/v1/consultants status=200 duration=1.7587ms
time=2026-03-31T00:00:12.702-03:00 level=INFO msg=http_request request_id=53e01f670ed356e323d8db6b method=GET path=/v1/settings status=200 duration=3.5165ms
time=2026-03-31T00:00:12.703-03:00 level=INFO msg=http_request request_id=53760eac6d38e4e6e71f0dff method=GET path=/v1/operations/snapshot status=200 duration=3.4582ms
time=2026-03-31T00:00:22.562-03:00 level=INFO msg=http_request request_id=a1a0a60041ecefd5f95bf49b method=POST path=/v1/operations/start status=200 duration=75.0603ms
time=2026-03-31T00:00:23.266-03:00 level=INFO msg=http_request request_id=3c785468d5669d47425eec91 method=POST path=/v1/operations/start status=200 duration=8.1017ms
time=2026-03-31T00:00:26.979-03:00 level=INFO msg=http_request request_id=ae1342dc7a11102b75e40313 method=GET path=/v1/settings status=200 duration=2.9201ms
time=2026-03-31T00:00:26.981-03:00 level=INFO msg=http_request request_id=69571defcfd128be2b20ba84 method=GET path=/v1/consultants status=200 duration=3.7817ms
time=2026-03-31T00:00:26.986-03:00 level=INFO msg=http_request request_id=2d67950904055e9722e0e2a6 method=GET path=/v1/operations/snapshot status=200 duration=8.1757ms
time=2026-03-31T00:01:25.115-03:00 level=INFO msg=http_request request_id=c208e32160e28520c3742f1f method=POST path=/v1/operations/finish status=400 duration=1.5864ms
time=2026-03-31T00:02:32.372-03:00 level=INFO msg=http_request request_id=2b96adde30704f983002a934 method=POST path=/v1/operations/finish status=400 duration=1.888ms
time=2026-03-31T00:02:37.654-03:00 level=INFO msg=http_request request_id=af00bad681ec0bc9d295efc2 method=GET path=/v1/me/context status=200 duration=5.0433ms
time=2026-03-31T00:02:37.671-03:00 level=INFO msg=http_request request_id=8fbe1fb0cbcd4f355941b296 method=GET path=/v1/consultants status=200 duration=4.1944ms
time=2026-03-31T00:02:37.674-03:00 level=INFO msg=http_request request_id=7c8ad3b55e81d115189e35b4 method=GET path=/v1/settings status=200 duration=7.4741ms
time=2026-03-31T00:02:37.679-03:00 level=INFO msg=http_request request_id=76a7baef5ecbb5b21d735370 method=GET path=/v1/operations/snapshot status=200 duration=12.2726ms
time=2026-03-31T00:02:38.124-03:00 level=INFO msg=http_request request_id=2e56578016293a11c07c822b method=GET path=/v1/me/context status=200 duration=2.1014ms
time=2026-03-31T00:02:38.130-03:00 level=INFO msg=http_request request_id=6d42361baa8b9f5948e7efcd method=GET path=/v1/me/context status=200 duration=1.9047ms
time=2026-03-31T00:02:38.132-03:00 level=INFO msg=http_request request_id=814a076b1aab6f17f5a3dfb7 method=GET path=/v1/me/context status=200 duration=2.7711ms
time=2026-03-31T00:02:38.134-03:00 level=INFO msg=http_request request_id=3da69cf36e1e5c688c937ab9 method=GET path=/v1/me/context status=200 duration=3.3568ms
time=2026-03-31T00:02:38.156-03:00 level=INFO msg=http_request request_id=a2e35a85eb3d24c6caec2f37 method=GET path=/v1/consultants status=200 duration=1.6601ms
time=2026-03-31T00:02:38.159-03:00 level=INFO msg=http_request request_id=9ea84b6bfb17edb42ce377a2 method=GET path=/v1/settings status=200 duration=4.533ms
time=2026-03-31T00:02:38.167-03:00 level=INFO msg=http_request request_id=59159a34cf7fda3d71f2db96 method=GET path=/v1/operations/snapshot status=200 duration=12.4397ms
time=2026-03-31T00:02:38.170-03:00 level=INFO msg=http_request request_id=141f7de4341974aad5b2fe4c method=GET path=/v1/consultants status=200 duration=3.0598ms
time=2026-03-31T00:02:38.169-03:00 level=INFO msg=http_request request_id=2c7503f9f8c7e4f2eeabfd6c method=GET path=/v1/me/context status=200 duration=4.2032ms
time=2026-03-31T00:02:38.173-03:00 level=INFO msg=http_request request_id=52c43504ec431b484949d32c method=GET path=/v1/settings status=200 duration=7.3045ms
time=2026-03-31T00:02:38.175-03:00 level=INFO msg=http_request request_id=a8d615c857e30ff69c78e384 method=GET path=/v1/operations/snapshot status=200 duration=7.9079ms
time=2026-03-31T00:02:38.175-03:00 level=INFO msg=http_request request_id=259525912c168c6eeea51506 method=GET path=/v1/consultants status=200 duration=3.24ms
time=2026-03-31T00:02:38.177-03:00 level=INFO msg=http_request request_id=ff2022fd05facce0688ba96d method=GET path=/v1/consultants status=200 duration=2.3466ms
time=2026-03-31T00:02:38.183-03:00 level=INFO msg=http_request request_id=8d4a20ea2e99a4d6995b1ac4 method=GET path=/v1/operations/snapshot status=200 duration=10.5119ms
time=2026-03-31T00:02:38.183-03:00 level=INFO msg=http_request request_id=2b3203b381064b49196b2691 method=GET path=/v1/settings status=200 duration=13.2199ms
time=2026-03-31T00:02:38.184-03:00 level=INFO msg=http_request request_id=9993acf00bb7e21937b57e31 method=GET path=/v1/settings status=200 duration=8.9529ms
time=2026-03-31T00:02:38.186-03:00 level=INFO msg=http_request request_id=74d4c310aaea12c2e98d0c0a method=GET path=/v1/operations/snapshot status=200 duration=10.6578ms
time=2026-03-31T00:02:38.203-03:00 level=INFO msg=http_request request_id=f8765cf783fcdd4a99c047ab method=GET path=/v1/consultants status=200 duration=3.1904ms
time=2026-03-31T00:02:38.206-03:00 level=INFO msg=http_request request_id=20f3f0e86c4d15a79298b482 method=GET path=/v1/settings status=200 duration=6.6359ms
time=2026-03-31T00:02:38.210-03:00 level=INFO msg=http_request request_id=3910b95ffaaa9eb4a3820806 method=GET path=/v1/operations/snapshot status=200 duration=9.7928ms
time=2026-03-31T00:02:38.258-03:00 level=INFO msg=http_request request_id=e0c3ae5f5239ccc3e241d940 method=GET path=/v1/me/context status=200 duration=81.5917ms
time=2026-03-31T00:02:38.268-03:00 level=INFO msg=http_request request_id=6b36a7006a33a2599324f012 method=GET path=/v1/consultants status=200 duration=1.7013ms
time=2026-03-31T00:02:38.271-03:00 level=INFO msg=http_request request_id=1a12fb75a65c52c5c3018cb8 method=GET path=/v1/operations/snapshot status=200 duration=4.4879ms
time=2026-03-31T00:02:38.278-03:00 level=INFO msg=http_request request_id=563a6e96aecdc55040e7dae3 method=GET path=/v1/me/context status=200 duration=3.9665ms
time=2026-03-31T00:02:38.282-03:00 level=INFO msg=http_request request_id=e156a42d0f774cd64d8be1c7 method=GET path=/v1/settings status=200 duration=16.0414ms
time=2026-03-31T00:02:38.282-03:00 level=INFO msg=http_request request_id=2e76d8a79b2ea5a536478007 method=GET path=/v1/me/context status=200 duration=3.0471ms
time=2026-03-31T00:02:38.292-03:00 level=INFO msg=http_request request_id=15ad18057f0bbca4c045080b method=GET path=/v1/settings status=200 duration=3.8634ms
time=2026-03-31T00:02:38.293-03:00 level=INFO msg=http_request request_id=f44aa3a57a84ce2f2f5ddaa4 method=GET path=/v1/operations/snapshot status=200 duration=3.8141ms
time=2026-03-31T00:02:38.294-03:00 level=INFO msg=http_request request_id=a423e35ba9eeea857d9592c5 method=GET path=/v1/consultants status=200 duration=6.0198ms
time=2026-03-31T00:02:38.305-03:00 level=INFO msg=http_request request_id=00fecd7e4cf0974f53724c26 method=GET path=/v1/consultants status=200 duration=1.6103ms
time=2026-03-31T00:02:38.307-03:00 level=INFO msg=http_request request_id=b7b6c117058730edb47080a0 method=GET path=/v1/settings status=200 duration=4.3118ms
time=2026-03-31T00:02:38.308-03:00 level=INFO msg=http_request request_id=2ffded58c59c310b0e09135a method=GET path=/v1/operations/snapshot status=200 duration=4.4184ms
time=2026-03-31T00:02:38.335-03:00 level=INFO msg=http_request request_id=c06d7b4b5084ae87b727f688 method=GET path=/v1/me/context status=200 duration=3.5156ms
time=2026-03-31T00:02:38.343-03:00 level=INFO msg=http_request request_id=5bc9fea77d2606351b26ca91 method=GET path=/v1/consultants status=200 duration=3.0564ms
time=2026-03-31T00:02:38.343-03:00 level=INFO msg=http_request request_id=24be38c58ddd02d501cc5326 method=GET path=/v1/operations/snapshot status=200 duration=3.1838ms
time=2026-03-31T00:02:38.344-03:00 level=INFO msg=http_request request_id=8881b362b17e748d47fa565c method=GET path=/v1/settings status=200 duration=4.2465ms
time=2026-03-31T00:02:38.348-03:00 level=INFO msg=http_request request_id=e76ec92487895e1c46c815ae method=GET path=/v1/me/context status=200 duration=2.5057ms
time=2026-03-31T00:02:38.358-03:00 level=INFO msg=http_request request_id=346da1fc97db9349afdaaed1 method=GET path=/v1/consultants status=200 duration=1.7739ms
time=2026-03-31T00:02:38.360-03:00 level=INFO msg=http_request request_id=578c83528e2fb03405547d36 method=GET path=/v1/settings status=200 duration=3.6192ms
time=2026-03-31T00:02:38.381-03:00 level=INFO msg=http_request request_id=be6efc21b8a0720987ac9785 method=GET path=/v1/operations/snapshot status=200 duration=24.2024ms
time=2026-03-31T00:02:42.284-03:00 level=INFO msg=http_request request_id=ded0098122b667db327d6b04 method=GET path=/v1/me/context status=200 duration=3.7597ms
time=2026-03-31T00:02:42.290-03:00 level=INFO msg=http_request request_id=9f8abd1a003fa63037370241 method=GET path=/v1/consultants status=200 duration=1.6658ms
time=2026-03-31T00:02:42.295-03:00 level=INFO msg=http_request request_id=e63522bf7c8e5af0079069be method=GET path=/v1/settings status=200 duration=7.0563ms
time=2026-03-31T00:02:42.296-03:00 level=INFO msg=http_request request_id=3b188b33cde6533d9fd2ff7a method=GET path=/v1/operations/snapshot status=200 duration=7.0341ms
time=2026-03-31T00:02:42.657-03:00 level=INFO msg=http_request request_id=db35b92bb4fd06cac974e916 method=GET path=/v1/me/context status=200 duration=3.0087ms
time=2026-03-31T00:02:42.659-03:00 level=INFO msg=http_request request_id=2b5f0cdeea5a8adce3ad5e73 method=GET path=/v1/me/context status=200 duration=2.8582ms
time=2026-03-31T00:02:42.664-03:00 level=INFO msg=http_request request_id=a560029555ef820b9f1397af method=GET path=/v1/me/context status=200 duration=2.2769ms
time=2026-03-31T00:02:42.665-03:00 level=INFO msg=http_request request_id=34fa1a679b2814b2285337b4 method=GET path=/v1/me/context status=200 duration=1.7195ms
time=2026-03-31T00:02:42.684-03:00 level=INFO msg=http_request request_id=7a5c1ab282ba4ae310ffae52 method=GET path=/v1/consultants status=200 duration=2.1835ms
time=2026-03-31T00:02:42.684-03:00 level=INFO msg=http_request request_id=0bf724901a9860dd7c9b102d method=GET path=/v1/settings status=200 duration=2.7741ms
time=2026-03-31T00:02:42.698-03:00 level=INFO msg=http_request request_id=51f279d1e8194a478c62b944 method=GET path=/v1/consultants status=200 duration=3.4416ms
time=2026-03-31T00:02:42.700-03:00 level=INFO msg=http_request request_id=ddaa12817b47626a9c9b5396 method=GET path=/v1/consultants status=200 duration=2.6552ms
time=2026-03-31T00:02:42.700-03:00 level=INFO msg=http_request request_id=2da9fb96fa79560726940f5b method=GET path=/v1/me/context status=200 duration=5.5119ms
time=2026-03-31T00:02:42.704-03:00 level=INFO msg=http_request request_id=f960ecca9dcc364ee8c793dd method=GET path=/v1/operations/snapshot status=200 duration=8.1773ms
time=2026-03-31T00:02:42.704-03:00 level=INFO msg=http_request request_id=bf64e9acf91e9b440c360885 method=GET path=/v1/settings status=200 duration=7.6704ms
time=2026-03-31T00:02:42.704-03:00 level=INFO msg=http_request request_id=27c7f0e88bd93c6d11db2011 method=GET path=/v1/settings status=200 duration=9.1742ms
time=2026-03-31T00:02:42.708-03:00 level=INFO msg=http_request request_id=a3ab19528af7d6e9fe19dd6a method=GET path=/v1/operations/snapshot status=200 duration=10.2ms
time=2026-03-31T00:02:42.708-03:00 level=INFO msg=http_request request_id=98832d31d4915ed87eaf31f1 method=GET path=/v1/operations/snapshot status=200 duration=8.1297ms
time=2026-03-31T00:02:42.719-03:00 level=INFO msg=http_request request_id=cd79bf476fa974dfecc2f34d method=GET path=/v1/consultants status=200 duration=2.3784ms
time=2026-03-31T00:02:42.721-03:00 level=INFO msg=http_request request_id=ab92ffac5b57d70ce00a73a4 method=GET path=/v1/settings status=200 duration=3.8144ms
time=2026-03-31T00:02:42.725-03:00 level=INFO msg=http_request request_id=5d96870e39418e00cebc1505 method=GET path=/v1/operations/snapshot status=200 duration=6.0553ms
time=2026-03-31T00:02:42.763-03:00 level=INFO msg=http_request request_id=8acdfbfb11e1d9b20d4628c3 method=GET path=/v1/me/context status=200 duration=1.576ms
time=2026-03-31T00:02:42.765-03:00 level=INFO msg=http_request request_id=ab1534be33078b31c38a41ef method=GET path=/v1/consultants status=200 duration=65.5132ms
time=2026-03-31T00:02:42.765-03:00 level=INFO msg=http_request request_id=4d0811d20da77eaa777c2109 method=GET path=/v1/me/context status=200 duration=67.0732ms
time=2026-03-31T00:02:42.768-03:00 level=INFO msg=http_request request_id=834912daf20a93b737b813ec method=GET path=/v1/me/context status=200 duration=2.3979ms
time=2026-03-31T00:02:42.768-03:00 level=INFO msg=http_request request_id=9efca73f2b1ed0dadc463fcd method=GET path=/v1/settings status=200 duration=68.9865ms
time=2026-03-31T00:02:42.772-03:00 level=INFO msg=http_request request_id=2db649fd1208f20da0813ab0 method=GET path=/v1/settings status=200 duration=2.3821ms
time=2026-03-31T00:02:42.774-03:00 level=INFO msg=http_request request_id=c4ee8f5466ce97700f1e6251 method=GET path=/v1/consultants status=200 duration=4.4658ms
time=2026-03-31T00:02:42.778-03:00 level=INFO msg=http_request request_id=79341815205d1533bf430ae7 method=GET path=/v1/operations/snapshot status=200 duration=79.3083ms
time=2026-03-31T00:02:42.778-03:00 level=INFO msg=http_request request_id=5f19d5bd743c4af653d6b704 method=GET path=/v1/consultants status=200 duration=3.1159ms
time=2026-03-31T00:02:42.779-03:00 level=INFO msg=http_request request_id=7e726ce8bf457fd10acdd3e1 method=GET path=/v1/operations/snapshot status=200 duration=3.7169ms
time=2026-03-31T00:02:42.779-03:00 level=INFO msg=http_request request_id=62985deba01d2f4315ef7d5d method=GET path=/v1/me/context status=200 duration=1.6377ms
time=2026-03-31T00:02:42.781-03:00 level=INFO msg=http_request request_id=526542e84a0f170de71a5206 method=GET path=/v1/settings status=200 duration=6.7471ms
time=2026-03-31T00:02:42.783-03:00 level=INFO msg=http_request request_id=940b14e5ae511fae94bdf37e method=GET path=/v1/operations/snapshot status=200 duration=12.8301ms
time=2026-03-31T00:02:42.783-03:00 level=INFO msg=http_request request_id=c1932d51d5b25b0abeb22321 method=GET path=/v1/consultants status=200 duration=1.6172ms
time=2026-03-31T00:02:42.783-03:00 level=INFO msg=http_request request_id=e6c3a0358f86f2bdefb8d5a4 method=GET path=/v1/settings status=200 duration=2.1248ms
time=2026-03-31T00:02:42.791-03:00 level=INFO msg=http_request request_id=5c38c1138913a571006ff201 method=GET path=/v1/operations/snapshot status=200 duration=9.6614ms
time=2026-03-31T00:02:42.804-03:00 level=INFO msg=http_request request_id=a4070536e867bf01b6d5533c method=GET path=/v1/consultants status=200 duration=2.1547ms
time=2026-03-31T00:02:42.805-03:00 level=INFO msg=http_request request_id=0e23eb5c111a25e122fd7a41 method=GET path=/v1/operations/snapshot status=200 duration=2.1564ms
time=2026-03-31T00:02:42.805-03:00 level=INFO msg=http_request request_id=026b227dd6f0688a2aa344e6 method=GET path=/v1/settings status=200 duration=2.7008ms
time=2026-03-31T00:02:42.868-03:00 level=INFO msg=http_request request_id=cef7a4bf91457d77960892ad method=GET path=/v1/me/context status=200 duration=2.2923ms
time=2026-03-31T00:02:42.881-03:00 level=INFO msg=http_request request_id=5752ce5f1ab4ec941a60eafb method=GET path=/v1/consultants status=200 duration=2.2228ms
time=2026-03-31T00:02:42.882-03:00 level=INFO msg=http_request request_id=a43329b4d513ecfbc1aaddc9 method=GET path=/v1/settings status=200 duration=3.7922ms
time=2026-03-31T00:02:42.883-03:00 level=INFO msg=http_request request_id=0b95e2e0403411f66524673d method=GET path=/v1/operations/snapshot status=200 duration=5.009ms
time=2026-03-31T00:02:44.489-03:00 level=INFO msg=http_request request_id=7a10b20b7402c0b9002b4b6d method=GET path=/v1/me/context status=200 duration=18.7483ms
time=2026-03-31T00:02:44.500-03:00 level=INFO msg=http_request request_id=3b552c1658e4ae5618a02a27 method=GET path=/v1/consultants status=200 duration=2.5191ms
time=2026-03-31T00:02:44.503-03:00 level=INFO msg=http_request request_id=20cd4cb500d5765fd5def6e3 method=GET path=/v1/operations/snapshot status=200 duration=6.7103ms
time=2026-03-31T00:02:44.514-03:00 level=INFO msg=http_request request_id=abad41ef51d2c3aab519fc6f method=GET path=/v1/settings status=200 duration=18.593ms
time=2026-03-31T00:02:44.895-03:00 level=INFO msg=http_request request_id=1101ead80e92c946e44e1b06 method=GET path=/v1/me/context status=200 duration=2.6717ms
time=2026-03-31T00:02:44.906-03:00 level=INFO msg=http_request request_id=e814c260f164c03dfa29c423 method=GET path=/v1/me/context status=200 duration=2.2603ms
time=2026-03-31T00:02:44.906-03:00 level=INFO msg=http_request request_id=5ac8564318d307864e032075 method=GET path=/v1/me/context status=200 duration=2.2404ms
time=2026-03-31T00:02:44.907-03:00 level=INFO msg=http_request request_id=593b92a3c4b01e64db1ec985 method=GET path=/v1/me/context status=200 duration=1.7055ms
time=2026-03-31T00:02:44.907-03:00 level=INFO msg=http_request request_id=cbb09c15dd2349a4a89ea5c7 method=GET path=/v1/me/context status=200 duration=1.2297ms
time=2026-03-31T00:02:44.912-03:00 level=INFO msg=http_request request_id=8d0210f9241afc3f238aea74 method=GET path=/v1/consultants status=200 duration=1.6079ms
time=2026-03-31T00:02:44.913-03:00 level=INFO msg=http_request request_id=57b9fc6cef7b443ea2e23b9e method=GET path=/v1/settings status=200 duration=3.2652ms
time=2026-03-31T00:02:44.914-03:00 level=INFO msg=http_request request_id=e414f7978eb4fed41548609c method=GET path=/v1/operations/snapshot status=200 duration=4.0097ms
time=2026-03-31T00:02:44.916-03:00 level=INFO msg=http_request request_id=a53a1683bafdef44bc2bffe1 method=GET path=/v1/consultants status=200 duration=1.7544ms
time=2026-03-31T00:02:44.917-03:00 level=INFO msg=http_request request_id=0bf98927443b092f1a6b6071 method=GET path=/v1/settings status=200 duration=3.3703ms
time=2026-03-31T00:02:44.919-03:00 level=INFO msg=http_request request_id=6cae14df785479a6f610c6a9 method=GET path=/v1/operations/snapshot status=200 duration=3.8324ms
time=2026-03-31T00:02:44.920-03:00 level=INFO msg=http_request request_id=d61d7dfc1c070ed653ea3eb1 method=GET path=/v1/me/context status=200 duration=2.2155ms
time=2026-03-31T00:02:44.922-03:00 level=INFO msg=http_request request_id=c445af76b06cec4848bc9716 method=GET path=/v1/consultants status=200 duration=1.1119ms
time=2026-03-31T00:02:44.923-03:00 level=INFO msg=http_request request_id=66d658f3a5f8f1296c287335 method=GET path=/v1/settings status=200 duration=3.194ms
time=2026-03-31T00:02:44.924-03:00 level=INFO msg=http_request request_id=d8590f30d31be47ce6954649 method=GET path=/v1/operations/snapshot status=200 duration=3.2396ms
time=2026-03-31T00:02:44.927-03:00 level=INFO msg=http_request request_id=60ada10cc513b6fb3c58c600 method=GET path=/v1/consultants status=200 duration=1.7185ms
time=2026-03-31T00:02:44.927-03:00 level=INFO msg=http_request request_id=43de933925af6464a3a0ea09 method=GET path=/v1/settings status=200 duration=2.81ms
time=2026-03-31T00:02:44.956-03:00 level=INFO msg=http_request request_id=72262b9457eaebd7dc09c20c method=GET path=/v1/consultants status=200 duration=2.0252ms
time=2026-03-31T00:02:44.958-03:00 level=INFO msg=http_request request_id=c891a261e5fc46555e8b199c method=GET path=/v1/settings status=200 duration=3.6884ms
time=2026-03-31T00:02:44.959-03:00 level=INFO msg=http_request request_id=fd8fc0259bd60ae2d78fb8e0 method=GET path=/v1/operations/snapshot status=200 duration=3.6975ms
time=2026-03-31T00:02:44.987-03:00 level=INFO msg=http_request request_id=22bbd16156a9dd3797fae8e6 method=GET path=/v1/consultants status=200 duration=3.6704ms
time=2026-03-31T00:02:44.990-03:00 level=INFO msg=http_request request_id=75db84cd472fb7350a6dad26 method=GET path=/v1/settings status=200 duration=7.0623ms
time=2026-03-31T00:02:44.990-03:00 level=INFO msg=http_request request_id=9035508a2b18d183ca2e48bf method=GET path=/v1/operations/snapshot status=200 duration=7.0623ms
time=2026-03-31T00:02:44.991-03:00 level=INFO msg=http_request request_id=24b9c05a77a385cbc41a4f48 method=GET path=/v1/operations/snapshot status=200 duration=8.4196ms
time=2026-03-31T00:02:45.045-03:00 level=INFO msg=http_request request_id=0d22e607d8ee1fd9a7b2afd3 method=GET path=/v1/me/context status=200 duration=4.7354ms
time=2026-03-31T00:02:45.048-03:00 level=INFO msg=http_request request_id=265f03dbbb778cdc518dbbed method=GET path=/v1/me/context status=200 duration=10.3689ms
time=2026-03-31T00:02:45.049-03:00 level=INFO msg=http_request request_id=786a8e197449ba176583a5a0 method=GET path=/v1/me/context status=200 duration=3.6427ms
time=2026-03-31T00:02:45.054-03:00 level=INFO msg=http_request request_id=5823a4f154a614d29c578e2c method=GET path=/v1/consultants status=200 duration=3.0524ms
time=2026-03-31T00:02:45.057-03:00 level=INFO msg=http_request request_id=5666b6ae60652ca615d6e9ed method=GET path=/v1/settings status=200 duration=6.2429ms
time=2026-03-31T00:02:45.058-03:00 level=INFO msg=http_request request_id=e27f2c1dd403cf9a13f5918a method=GET path=/v1/operations/snapshot status=200 duration=6.8999ms
time=2026-03-31T00:02:45.060-03:00 level=INFO msg=http_request request_id=089c475f4ed609db0195ce9c method=GET path=/v1/consultants status=200 duration=2.9906ms
time=2026-03-31T00:02:45.065-03:00 level=INFO msg=http_request request_id=56aaa8971f39458a2cdd5dad method=GET path=/v1/operations/snapshot status=200 duration=7.1241ms
time=2026-03-31T00:02:45.065-03:00 level=INFO msg=http_request request_id=8b486dac5bda877844cbcb95 method=GET path=/v1/consultants status=200 duration=1.1896ms
time=2026-03-31T00:02:45.067-03:00 level=INFO msg=http_request request_id=d29e06a327aea3cd4b5c1deb method=GET path=/v1/settings status=200 duration=4.0372ms
time=2026-03-31T00:02:45.068-03:00 level=INFO msg=http_request request_id=f787e562e820f8d602846064 method=GET path=/v1/settings status=200 duration=11.5632ms
time=2026-03-31T00:02:45.069-03:00 level=INFO msg=http_request request_id=babb51a8d7f52475f08e3166 method=GET path=/v1/operations/snapshot status=200 duration=4.2986ms
time=2026-03-31T00:02:45.111-03:00 level=INFO msg=http_request request_id=ca84e01ffb9c5ac6791c886f method=GET path=/v1/me/context status=200 duration=3.0982ms
time=2026-03-31T00:02:45.116-03:00 level=INFO msg=http_request request_id=15f59e40824cded8989d799d method=GET path=/v1/consultants status=200 duration=1.0717ms
time=2026-03-31T00:02:45.118-03:00 level=INFO msg=http_request request_id=403e5c93b843acad377a8a21 method=GET path=/v1/settings status=200 duration=3.8762ms
time=2026-03-31T00:02:45.140-03:00 level=INFO msg=http_request request_id=bc29c65c19ed39c3ecf887d4 method=GET path=/v1/operations/snapshot status=200 duration=24.9743ms
time=2026-03-31T00:02:46.025-03:00 level=INFO msg=http_request request_id=3cc37e707dd3f6a96b27acbe method=GET path=/v1/me/context status=200 duration=9.3531ms
time=2026-03-31T00:02:46.032-03:00 level=INFO msg=http_request request_id=9cbfef01ee7f0ec9d2372a25 method=GET path=/v1/consultants status=200 duration=2.8247ms
time=2026-03-31T00:02:46.034-03:00 level=INFO msg=http_request request_id=218708448d83f408b21a69b5 method=GET path=/v1/settings status=200 duration=5.1926ms
time=2026-03-31T00:02:46.037-03:00 level=INFO msg=http_request request_id=4c5ee249c6f56fcaf8279bcf method=GET path=/v1/operations/snapshot status=200 duration=7.0047ms
time=2026-03-31T00:02:46.415-03:00 level=INFO msg=http_request request_id=f1e857b68ea1616d7572d427 method=GET path=/v1/me/context status=200 duration=2.1704ms
time=2026-03-31T00:02:46.419-03:00 level=INFO msg=http_request request_id=6c5e825ed7b5ec286a66d70d method=GET path=/v1/me/context status=200 duration=1.6274ms
time=2026-03-31T00:02:46.419-03:00 level=INFO msg=http_request request_id=c12ba24a3a70fa3e8a6147d9 method=GET path=/v1/me/context status=200 duration=1.1108ms
time=2026-03-31T00:02:46.420-03:00 level=INFO msg=http_request request_id=a3dc3bda9d55814a1cc55914 method=GET path=/v1/me/context status=200 duration=1.0892ms
time=2026-03-31T00:02:46.426-03:00 level=INFO msg=http_request request_id=2e02c816292e520d1f434132 method=GET path=/v1/consultants status=200 duration=1.0514ms
time=2026-03-31T00:02:46.427-03:00 level=INFO msg=http_request request_id=013e0c4ad167abe2d7484aef method=GET path=/v1/settings status=200 duration=2.6822ms
time=2026-03-31T00:02:46.431-03:00 level=INFO msg=http_request request_id=f072a2ac0b75234dea86f131 method=GET path=/v1/operations/snapshot status=200 duration=6.0478ms
time=2026-03-31T00:02:46.447-03:00 level=INFO msg=http_request request_id=ecaf63d35d5a0d46498b5dad method=GET path=/v1/consultants status=200 duration=14.1768ms
time=2026-03-31T00:02:46.449-03:00 level=INFO msg=http_request request_id=d3514eaef74b6d95ccb60892 method=GET path=/v1/settings status=200 duration=16.5357ms
time=2026-03-31T00:02:46.450-03:00 level=INFO msg=http_request request_id=a2f01c6e24302f8cdaf8a40c method=GET path=/v1/settings status=200 duration=2.9545ms
time=2026-03-31T00:02:46.453-03:00 level=INFO msg=http_request request_id=d8eb7703f09d9d90359a19c2 method=GET path=/v1/me/context status=200 duration=6.5343ms
time=2026-03-31T00:02:46.457-03:00 level=INFO msg=http_request request_id=e9aa1c0958ec3da479eed9a2 method=GET path=/v1/consultants status=200 duration=12.7478ms
time=2026-03-31T00:02:46.458-03:00 level=INFO msg=http_request request_id=8e7af3d6939238736eaf3882 method=GET path=/v1/operations/snapshot status=200 duration=11.5256ms
time=2026-03-31T00:02:46.472-03:00 level=INFO msg=http_request request_id=b210621739f00a28213c7d51 method=GET path=/v1/consultants status=200 duration=15.4484ms
time=2026-03-31T00:02:46.472-03:00 level=INFO msg=http_request request_id=b4de995110d427301af2a2f2 method=GET path=/v1/operations/snapshot status=200 duration=15.4484ms
time=2026-03-31T00:02:46.473-03:00 level=INFO msg=http_request request_id=e9260e167599b89c7459e5b2 method=GET path=/v1/operations/snapshot status=200 duration=38.5594ms
time=2026-03-31T00:02:46.474-03:00 level=INFO msg=http_request request_id=ffc9215bbfe0e1f22cb129f2 method=GET path=/v1/settings status=200 duration=21.2915ms
time=2026-03-31T00:02:46.484-03:00 level=INFO msg=http_request request_id=2c2507c506056fb464b4fbf6 method=GET path=/v1/me/context status=200 duration=6.2192ms
time=2026-03-31T00:02:46.488-03:00 level=INFO msg=http_request request_id=991c0f5dcb08385b7b6f65c6 method=GET path=/v1/consultants status=200 duration=1.0731ms
time=2026-03-31T00:02:46.489-03:00 level=INFO msg=http_request request_id=324fd1754c5f8f68596ab998 method=GET path=/v1/settings status=200 duration=2.7858ms
time=2026-03-31T00:02:46.490-03:00 level=INFO msg=http_request request_id=843269ebfadbb6238eaaf1de method=GET path=/v1/operations/snapshot status=200 duration=2.7828ms
time=2026-03-31T00:02:46.520-03:00 level=INFO msg=http_request request_id=83ced8a4104764baeec12dce method=GET path=/v1/consultants status=200 duration=1.0756ms
time=2026-03-31T00:02:46.522-03:00 level=INFO msg=http_request request_id=807d8e01a8acba21eefeb415 method=GET path=/v1/settings status=200 duration=2.6987ms
time=2026-03-31T00:02:46.522-03:00 level=INFO msg=http_request request_id=41de9c6f36fe05b859712a4c method=GET path=/v1/operations/snapshot status=200 duration=2.1758ms
time=2026-03-31T00:02:46.558-03:00 level=INFO msg=http_request request_id=c7163ae0b8c7f6e9eddcd640 method=GET path=/v1/me/context status=200 duration=1.0463ms
time=2026-03-31T00:02:46.562-03:00 level=INFO msg=http_request request_id=534f31b1c900f3dbade42a7a method=GET path=/v1/me/context status=200 duration=1.9079ms
time=2026-03-31T00:02:46.564-03:00 level=INFO msg=http_request request_id=a9a7d2d29532dc8908d569fe method=GET path=/v1/me/context status=200 duration=2.2744ms
time=2026-03-31T00:02:46.566-03:00 level=INFO msg=http_request request_id=2a326479e0e8da400180cff0 method=GET path=/v1/consultants status=200 duration=1.3244ms
time=2026-03-31T00:02:46.567-03:00 level=INFO msg=http_request request_id=47c458019aba5ebd257d951f method=GET path=/v1/settings status=200 duration=2.483ms
time=2026-03-31T00:02:46.568-03:00 level=INFO msg=http_request request_id=6ec4574e32fde0c81e0a4288 method=GET path=/v1/operations/snapshot status=200 duration=2.7711ms
time=2026-03-31T00:02:46.571-03:00 level=INFO msg=http_request request_id=5d04eed952933d9a6b730dbf method=GET path=/v1/consultants status=200 duration=1.6679ms
time=2026-03-31T00:02:46.572-03:00 level=INFO msg=http_request request_id=9dad2f1f93f15623c2a1f3b2 method=GET path=/v1/settings status=200 duration=3.2932ms
time=2026-03-31T00:02:46.574-03:00 level=INFO msg=http_request request_id=3924a1157bf13525a5b21567 method=GET path=/v1/operations/snapshot status=200 duration=3.8016ms
time=2026-03-31T00:02:46.575-03:00 level=INFO msg=http_request request_id=8b636c3773b553d1a022dcad method=GET path=/v1/consultants status=200 duration=1.0272ms
time=2026-03-31T00:02:46.578-03:00 level=INFO msg=http_request request_id=3d075fa1bdbe43507437e2df method=GET path=/v1/operations/snapshot status=200 duration=4.253ms
time=2026-03-31T00:02:46.578-03:00 level=INFO msg=http_request request_id=2c637e13f814517a6bef17fc method=GET path=/v1/settings status=200 duration=5.8192ms
time=2026-03-31T00:02:46.618-03:00 level=INFO msg=http_request request_id=f149f04ce660877684d787ab method=GET path=/v1/me/context status=200 duration=2.8406ms
time=2026-03-31T00:02:46.625-03:00 level=INFO msg=http_request request_id=a938040549ac22da1bd22902 method=GET path=/v1/consultants status=200 duration=1.661ms
time=2026-03-31T00:02:46.625-03:00 level=INFO msg=http_request request_id=0592b2c54ac035aa28f541f1 method=GET path=/v1/settings status=200 duration=2.2046ms
time=2026-03-31T00:02:46.626-03:00 level=INFO msg=http_request request_id=9acee065b55526bb730352a7 method=GET path=/v1/operations/snapshot status=200 duration=2.2126ms
time=2026-03-31T00:02:57.145-03:00 level=INFO msg=http_request request_id=326bcef1232aaed739f87fcd method=GET path=/v1/me/context status=200 duration=3.141ms
time=2026-03-31T00:02:57.157-03:00 level=INFO msg=http_request request_id=05cd629b8ceafe582f8adc99 method=GET path=/v1/consultants status=200 duration=3.6369ms
time=2026-03-31T00:02:57.161-03:00 level=INFO msg=http_request request_id=6ed77ff63470cce35e30cfd5 method=GET path=/v1/settings status=200 duration=7.9995ms
time=2026-03-31T00:02:57.162-03:00 level=INFO msg=http_request request_id=b711d3fed195544f45657c01 method=GET path=/v1/operations/snapshot status=200 duration=8.3014ms
time=2026-03-31T00:02:58.137-03:00 level=INFO msg=http_request request_id=fc4a59b88d5c2fe20952c24c method=GET path=/v1/me/context status=200 duration=1.6226ms
time=2026-03-31T00:02:58.138-03:00 level=INFO msg=http_request request_id=af3ec7a720f2ac732f806f4e method=GET path=/v1/me/context status=200 duration=2.1762ms
time=2026-03-31T00:02:58.143-03:00 level=INFO msg=http_request request_id=1bc33510d76aa05c65e5e8c3 method=GET path=/v1/me/context status=200 duration=1.5953ms
time=2026-03-31T00:02:58.144-03:00 level=INFO msg=http_request request_id=8428c24e8fc65f45c01233db method=GET path=/v1/me/context status=200 duration=2.1875ms
time=2026-03-31T00:02:58.154-03:00 level=INFO msg=http_request request_id=ee6329098d8962472e239acb method=GET path=/v1/settings status=200 duration=2.9889ms
time=2026-03-31T00:02:58.180-03:00 level=INFO msg=http_request request_id=5994738340722a4b7ad4060b method=GET path=/v1/consultants status=200 duration=1.1425ms
time=2026-03-31T00:02:58.181-03:00 level=INFO msg=http_request request_id=d2d4864b6f53f5552dd2c665 method=GET path=/v1/consultants status=200 duration=2.058ms
time=2026-03-31T00:02:58.181-03:00 level=INFO msg=http_request request_id=b120c2b1d09a74ae563cb421 method=GET path=/v1/settings status=200 duration=2.629ms
time=2026-03-31T00:02:58.182-03:00 level=INFO msg=http_request request_id=34dcfaef65187ea5aa58bdb4 method=GET path=/v1/me/context status=200 duration=2.6308ms
time=2026-03-31T00:02:58.182-03:00 level=INFO msg=http_request request_id=f0eb28a2b6173c3ade64ea37 method=GET path=/v1/consultants status=200 duration=1.1443ms
time=2026-03-31T00:02:58.182-03:00 level=INFO msg=http_request request_id=d6eb7570b4f67039dbc47914 method=GET path=/v1/me/context status=200 duration=2.6308ms
time=2026-03-31T00:02:58.183-03:00 level=INFO msg=http_request request_id=1a279303736e23f4479aff10 method=GET path=/v1/operations/snapshot status=200 duration=4.2115ms
time=2026-03-31T00:02:58.182-03:00 level=INFO msg=http_request request_id=476d30e5838f45b8914f73ed method=GET path=/v1/consultants status=200 duration=913.5µs
time=2026-03-31T00:02:58.185-03:00 level=INFO msg=http_request request_id=57750c4f91169fdd510c5f97 method=GET path=/v1/operations/snapshot status=200 duration=6.0018ms
time=2026-03-31T00:02:58.186-03:00 level=INFO msg=http_request request_id=c1c7e6bc3f986b47d0630a3f method=GET path=/v1/settings status=200 duration=4.9548ms
time=2026-03-31T00:02:58.189-03:00 level=INFO msg=http_request request_id=4c9a09ccc0a87950913a70df method=GET path=/v1/settings status=200 duration=7.4843ms
time=2026-03-31T00:02:58.191-03:00 level=INFO msg=http_request request_id=5c70cffedf50c03968ebbb55 method=GET path=/v1/operations/snapshot status=200 duration=10.2734ms
time=2026-03-31T00:02:58.192-03:00 level=INFO msg=http_request request_id=6ceb9e5ae5323bd1913770bd method=GET path=/v1/consultants status=200 duration=653.5µs
time=2026-03-31T00:02:58.194-03:00 level=INFO msg=http_request request_id=6e51a633cd65f9df2b4b5383 method=GET path=/v1/settings status=200 duration=2.2804ms
time=2026-03-31T00:02:58.194-03:00 level=INFO msg=http_request request_id=1120a59cc972072a20d88909 method=GET path=/v1/operations/snapshot status=200 duration=2.2804ms
time=2026-03-31T00:02:58.194-03:00 level=INFO msg=http_request request_id=3af73428e7c0cceaff70202a method=GET path=/v1/operations/snapshot status=200 duration=2.2804ms
time=2026-03-31T00:02:58.198-03:00 level=INFO msg=http_request request_id=55bffb747c32e914b76df9ca method=GET path=/v1/consultants status=200 duration=586.1µs
time=2026-03-31T00:02:58.201-03:00 level=INFO msg=http_request request_id=02bb9a577ecbf1384809da1b method=GET path=/v1/operations/snapshot status=200 duration=3.1572ms
time=2026-03-31T00:02:58.206-03:00 level=INFO msg=http_request request_id=3987ac14a35c786346d373a9 method=GET path=/v1/settings status=200 duration=8.4797ms
time=2026-03-31T00:02:58.287-03:00 level=INFO msg=http_request request_id=6181275407dbc3c2497183eb method=GET path=/v1/me/context status=200 duration=3.8589ms
time=2026-03-31T00:02:58.293-03:00 level=INFO msg=http_request request_id=c27be24f95ae8f1453c62323 method=GET path=/v1/me/context status=200 duration=4.2524ms
time=2026-03-31T00:02:58.295-03:00 level=INFO msg=http_request request_id=53105a39eb36932bcf4fb84f method=GET path=/v1/me/context status=200 duration=3.1457ms
time=2026-03-31T00:02:58.297-03:00 level=INFO msg=http_request request_id=44ed953572261d021c2cedf9 method=GET path=/v1/consultants status=200 duration=1.7279ms
time=2026-03-31T00:02:58.299-03:00 level=INFO msg=http_request request_id=10a06571c2bf05e2b7c689f5 method=GET path=/v1/settings status=200 duration=3.4698ms
time=2026-03-31T00:02:58.300-03:00 level=INFO msg=http_request request_id=bb649019366eea82c95ed130 method=GET path=/v1/operations/snapshot status=200 duration=4.3375ms
time=2026-03-31T00:02:58.301-03:00 level=INFO msg=http_request request_id=8694023c9b62fddcd81204ce method=GET path=/v1/me/context status=200 duration=2.5691ms
time=2026-03-31T00:02:58.303-03:00 level=INFO msg=http_request request_id=77d6c72b6857add9b7f9bbd7 method=GET path=/v1/consultants status=200 duration=2.3681ms
time=2026-03-31T00:02:58.304-03:00 level=INFO msg=http_request request_id=7f5ed5a3bcc1dcf368454da0 method=GET path=/v1/settings status=200 duration=3.4934ms
time=2026-03-31T00:02:58.305-03:00 level=INFO msg=http_request request_id=d28954948b09e7d496fdf2bc method=GET path=/v1/operations/snapshot status=200 duration=4.0289ms
time=2026-03-31T00:02:58.307-03:00 level=INFO msg=http_request request_id=67f2b752b88e96fb7fa5556c method=GET path=/v1/consultants status=200 duration=1.8481ms
time=2026-03-31T00:02:58.309-03:00 level=INFO msg=http_request request_id=c7cc74f80bec190c55f27008 method=GET path=/v1/settings status=200 duration=4.0726ms
time=2026-03-31T00:02:58.309-03:00 level=INFO msg=http_request request_id=30a8ee587fce9eec1b323d39 method=GET path=/v1/operations/snapshot status=200 duration=3.5363ms
time=2026-03-31T00:02:58.322-03:00 level=INFO msg=http_request request_id=b64cd39e20a3e01386394903 method=GET path=/v1/consultants status=200 duration=2.7448ms
time=2026-03-31T00:02:58.323-03:00 level=INFO msg=http_request request_id=14398281e7abfe28486ea5dd method=GET path=/v1/settings status=200 duration=4.5767ms
time=2026-03-31T00:02:58.323-03:00 level=INFO msg=http_request request_id=c0012fbb73fd84514b535f99 method=GET path=/v1/operations/snapshot status=200 duration=3.4199ms
time=2026-03-31T00:03:43.075-03:00 level=INFO msg=http_request request_id=fa84f558d80de3fae3c8c85d method=POST path=/v1/operations/queue status=404 duration=5.8976ms
time=2026-03-31T00:04:51.369-03:00 level=INFO msg=http_request request_id=da2793cbbeb56f77946f9bc2 method=GET path=/healthz status=200 duration=0s
time=2026-03-31T00:04:51.386-03:00 level=INFO msg=http_request request_id=5c18991ac02670a5bc234b7c method=POST path=/v1/operations/queue status=401 duration=0s
time=2026-03-31T00:04:52.444-03:00 level=INFO msg=http_request request_id=3527543d679edf20849049e1 method=GET path=/healthz status=200 duration=0s
time=2026-03-31T00:08:15.041-03:00 level=INFO msg=http_request request_id=d3c48842c00b49cb8eae30a9 method=GET path=/v1/consultants status=200 duration=1.6802ms
time=2026-03-31T00:08:15.042-03:00 level=INFO msg=http_request request_id=ba3ab94fcdb121e9d224b2d6 method=GET path=/v1/settings status=200 duration=4.0315ms
time=2026-03-31T00:08:15.043-03:00 level=INFO msg=http_request request_id=f58d5a30632149fc01c74148 method=GET path=/v1/operations/snapshot status=200 duration=2.7194ms
time=2026-03-31T00:08:16.404-03:00 level=INFO msg=http_request request_id=affe49b92bddbbab3210c23d method=GET path=/v1/me/context status=200 duration=5.4708ms
time=2026-03-31T00:08:16.415-03:00 level=INFO msg=http_request request_id=3ef0d9d90f40119aa9937d75 method=GET path=/v1/consultants status=200 duration=2.4754ms
time=2026-03-31T00:08:16.416-03:00 level=INFO msg=http_request request_id=f0cdb564f57c68ee4c9ead3d method=GET path=/v1/settings status=200 duration=4.8152ms
time=2026-03-31T00:08:16.418-03:00 level=INFO msg=http_request request_id=31242d4e3715985b69b593e0 method=GET path=/v1/operations/snapshot status=200 duration=5.3596ms
time=2026-03-31T00:08:16.431-03:00 level=INFO msg=http_request request_id=07a279fc4bbad761dbbc0c25 method=GET path=/v1/consultants status=200 duration=2.5727ms
time=2026-03-31T00:08:16.433-03:00 level=INFO msg=http_request request_id=16761df5811d5bdf5b4ba25f method=GET path=/v1/settings status=200 duration=4.7565ms
time=2026-03-31T00:08:16.434-03:00 level=INFO msg=http_request request_id=7bc8a325a0c122ee7e2473fa method=GET path=/v1/operations/snapshot status=200 duration=4.8521ms
time=2026-03-31T00:08:17.783-03:00 level=INFO msg=http_request request_id=53d5d09b123b896c7dcf2e56 method=GET path=/v1/consultants status=200 duration=1.0838ms
time=2026-03-31T00:08:17.784-03:00 level=INFO msg=http_request request_id=b573f195a29f724a5eb8a132 method=GET path=/v1/operations/snapshot status=200 duration=1.1289ms
time=2026-03-31T00:08:17.785-03:00 level=INFO msg=http_request request_id=c83f7db52872f6eb54752529 method=GET path=/v1/settings status=200 duration=2.5795ms
time=2026-03-31T00:08:23.992-03:00 level=INFO msg=http_request request_id=92fa0ff849a6c1461f47e2f7 method=GET path=/healthz status=200 duration=0s
time=2026-03-31T07:04:12.661-03:00 level=INFO msg=http_request request_id=17fe32489ab1627edeb2a6fb method=GET path=/v1/me/context status=200 duration=296.3304ms
time=2026-03-31T07:04:12.660-03:00 level=INFO msg=http_request request_id=1c8e5123b07ff43a662d6ff8 method=GET path=/v1/me/context status=200 duration=296.3304ms
time=2026-03-31T07:04:12.660-03:00 level=INFO msg=http_request request_id=997c3a5660579bb216630ceb method=GET path=/v1/me/context status=200 duration=296.3304ms
time=2026-03-31T07:04:12.660-03:00 level=INFO msg=http_request request_id=cd148fb7576e825957530cc4 method=GET path=/v1/me/context status=200 duration=296.3304ms
time=2026-03-31T07:04:12.660-03:00 level=INFO msg=http_request request_id=5539c3c73cbf9f511603ede2 method=GET path=/v1/me/context status=200 duration=296.3304ms
time=2026-03-31T07:04:12.660-03:00 level=INFO msg=http_request request_id=4ceebab6a63aa2ee7b604b08 method=GET path=/v1/me/context status=200 duration=296.3304ms
time=2026-03-31T07:04:12.726-03:00 level=INFO msg=http_request request_id=cbc2f275f4e0060f3ed645b3 method=GET path=/v1/consultants status=200 duration=26.238ms
time=2026-03-31T07:04:12.741-03:00 level=INFO msg=http_request request_id=5cbdbfc5d6145c48f9c990f2 method=GET path=/v1/settings status=200 duration=42.5112ms
time=2026-03-31T07:04:12.747-03:00 level=INFO msg=http_request request_id=605e4e0b0652f71821ba0020 method=GET path=/v1/consultants status=200 duration=10.2168ms
time=2026-03-31T07:04:12.747-03:00 level=INFO msg=http_request request_id=ae91883cc6d196805abc7854 method=GET path=/v1/consultants status=200 duration=5.126ms
time=2026-03-31T07:04:12.750-03:00 level=INFO msg=http_request request_id=aab0ded51629a3d18ae5c096 method=GET path=/v1/consultants status=200 duration=9.5591ms
time=2026-03-31T07:04:12.762-03:00 level=INFO msg=http_request request_id=f4a35c33b85858b0355da49b method=GET path=/v1/settings status=200 duration=25.9648ms
time=2026-03-31T07:04:12.766-03:00 level=INFO msg=http_request request_id=b9600e20402dcf1739147371 method=GET path=/v1/consultants status=200 duration=18.7595ms
time=2026-03-31T07:04:12.781-03:00 level=INFO msg=http_request request_id=d8beebdc0ac7d3bc5a96d983 method=GET path=/v1/settings status=200 duration=41.2765ms
time=2026-03-31T07:04:12.781-03:00 level=INFO msg=http_request request_id=0bead5e11cdda15d44054941 method=GET path=/v1/settings status=200 duration=34.8356ms
time=2026-03-31T07:04:12.808-03:00 level=INFO msg=http_request request_id=fc1cd96ed42ab023bf862826 method=GET path=/v1/operations/snapshot status=200 duration=61.0054ms
time=2026-03-31T07:04:12.808-03:00 level=INFO msg=http_request request_id=38a22ebe47c11f6be6d450fd method=GET path=/v1/operations/snapshot status=200 duration=69.7636ms
time=2026-03-31T07:04:12.808-03:00 level=INFO msg=http_request request_id=84b28390ec8964d5e9f5f503 method=GET path=/v1/operations/snapshot status=200 duration=63.0886ms
time=2026-03-31T07:04:12.808-03:00 level=INFO msg=http_request request_id=de96db3002ed94f9d7a5e831 method=GET path=/v1/operations/snapshot status=200 duration=68.5725ms
time=2026-03-31T07:04:12.808-03:00 level=INFO msg=http_request request_id=0ddcb3610e328e7ce1fcf4ce method=GET path=/v1/operations/snapshot status=200 duration=65.6147ms
time=2026-03-31T07:04:12.833-03:00 level=INFO msg=http_request request_id=7335411ef3845f98b5846a36 method=GET path=/v1/settings status=200 duration=91.9091ms
time=2026-03-31T07:04:12.833-03:00 level=INFO msg=http_request request_id=400dcdca7ff6a80640d907b8 method=GET path=/v1/consultants status=200 duration=89.0756ms
time=2026-03-31T07:04:12.835-03:00 level=INFO msg=http_request request_id=c426ecab1920d19e6dcea9e8 method=GET path=/v1/settings status=200 duration=90.9538ms
time=2026-03-31T07:04:12.837-03:00 level=INFO msg=http_request request_id=b9e081ddf059d4814b1b40f0 method=GET path=/v1/operations/snapshot status=200 duration=96.1822ms
time=2026-03-31T07:04:12.929-03:00 level=INFO msg=http_request request_id=bb4356315d94fdc97b98d809 method=GET path=/v1/consultants status=200 duration=6.3618ms
time=2026-03-31T07:04:12.944-03:00 level=INFO msg=http_request request_id=a1152523931436cbcf783237 method=GET path=/v1/settings status=200 duration=21.203ms
time=2026-03-31T07:04:12.950-03:00 level=INFO msg=http_request request_id=aa49c5317360f13a66671b36 method=GET path=/v1/operations/snapshot status=200 duration=26.4659ms
time=2026-03-31T07:04:13.008-03:00 level=INFO msg=http_request request_id=2761c9672c06155606d96c50 method=GET path=/v1/me/context status=200 duration=10.6987ms
time=2026-03-31T07:04:13.029-03:00 level=INFO msg=http_request request_id=625d711808a6b009298fafe8 method=GET path=/v1/me/context status=200 duration=6.1491ms
time=2026-03-31T07:04:13.030-03:00 level=INFO msg=http_request request_id=44ae349517bf742f6628fb1a method=GET path=/v1/consultants status=200 duration=2.8719ms
time=2026-03-31T07:04:13.044-03:00 level=INFO msg=http_request request_id=e74356c3b6ff169135d7a731 method=GET path=/v1/settings status=200 duration=17.4051ms
time=2026-03-31T07:04:13.046-03:00 level=INFO msg=http_request request_id=e1defdc41fb4107d3b14cb62 method=GET path=/v1/consultants status=200 duration=11.2079ms
time=2026-03-31T07:04:13.048-03:00 level=INFO msg=http_request request_id=f57da90e718a246667caebc0 method=GET path=/v1/settings status=200 duration=13.7813ms
time=2026-03-31T07:04:13.050-03:00 level=INFO msg=http_request request_id=42761cb87567d32fec0b75b2 method=GET path=/v1/me/context status=200 duration=19.8369ms
time=2026-03-31T07:04:13.051-03:00 level=INFO msg=http_request request_id=967785387f48523a8b77fdec method=GET path=/v1/operations/snapshot status=200 duration=6.2037ms
time=2026-03-31T07:04:13.058-03:00 level=INFO msg=http_request request_id=91f1740d0b9b06790c0075ea method=GET path=/v1/consultants status=200 duration=2.6268ms
time=2026-03-31T07:04:13.059-03:00 level=INFO msg=http_request request_id=92e970c6ac50a03ac12e9bcd method=GET path=/v1/settings status=200 duration=4.3378ms
time=2026-03-31T07:04:13.061-03:00 level=INFO msg=http_request request_id=cfa05638b71af35263efa0ec method=GET path=/v1/operations/snapshot status=200 duration=5.7028ms
time=2026-03-31T07:04:13.064-03:00 level=INFO msg=http_request request_id=3d8f797e68ceb945f73a54a0 method=GET path=/v1/operations/snapshot status=200 duration=36.676ms
time=2026-03-31T07:04:19.959-03:00 level=INFO msg=http_request request_id=073f4bba050530f2778f57da method=GET path=/v1/me/context status=200 duration=8.505ms
time=2026-03-31T07:04:19.973-03:00 level=INFO msg=http_request request_id=9d16de71db67c7002e8e7abe method=GET path=/v1/consultants status=200 duration=3.7832ms
time=2026-03-31T07:04:19.977-03:00 level=INFO msg=http_request request_id=7a49ecad23e9485e1ebcfa65 method=GET path=/v1/settings status=200 duration=8.0115ms
time=2026-03-31T07:04:19.978-03:00 level=INFO msg=http_request request_id=951d42c078980cd9e0cd53b0 method=GET path=/v1/operations/snapshot status=200 duration=8.4147ms
time=2026-03-31T07:04:19.997-03:00 level=INFO msg=http_request request_id=82b2167ff6d6b058c95da3e5 method=GET path=/v1/consultants status=200 duration=2.2956ms
time=2026-03-31T07:04:20.002-03:00 level=INFO msg=http_request request_id=50c63142e8df78827829243b method=GET path=/v1/operations/snapshot status=200 duration=6.2072ms
time=2026-03-31T07:04:20.003-03:00 level=INFO msg=http_request request_id=0aefc3676b28f031bf96bf34 method=GET path=/v1/settings status=200 duration=9.9148ms
time=2026-03-31T07:04:20.691-03:00 level=INFO msg=http_request request_id=d86f645c105d7ef94834a8fb method=GET path=/v1/settings status=200 duration=3.6811ms
time=2026-03-31T07:04:20.698-03:00 level=INFO msg=http_request request_id=d92673561fabf72ca0702476 method=GET path=/v1/consultants status=200 duration=1.6829ms
time=2026-03-31T07:04:20.700-03:00 level=INFO msg=http_request request_id=b2189d9a59dfcb5633584be2 method=GET path=/v1/operations/snapshot status=200 duration=3.5332ms
time=2026-03-31T07:04:20.871-03:00 level=INFO msg=http_request request_id=c7a30de8c77a16cfb7b0db6b method=GET path=/v1/me/context status=200 duration=8.2186ms
time=2026-03-31T07:04:20.877-03:00 level=INFO msg=http_request request_id=d9e8f34238eed21dae791c39 method=GET path=/v1/me/context status=200 duration=2.6208ms
time=2026-03-31T07:04:20.878-03:00 level=INFO msg=http_request request_id=80f6c7aba57634051c319acd method=GET path=/v1/me/context status=200 duration=2.513ms
time=2026-03-31T07:04:20.881-03:00 level=INFO msg=http_request request_id=18a6df37ff0f5366bb7aa917 method=GET path=/v1/me/context status=200 duration=4.383ms
time=2026-03-31T07:04:20.903-03:00 level=INFO msg=http_request request_id=3de9324ccad52c1c2e935f07 method=GET path=/v1/consultants status=200 duration=2.0125ms
time=2026-03-31T07:04:20.905-03:00 level=INFO msg=http_request request_id=d9b7652301edca7098a8c842 method=GET path=/v1/settings status=200 duration=5.0668ms
time=2026-03-31T07:04:20.905-03:00 level=INFO msg=http_request request_id=8af73fb8ce18a4c9bac56040 method=GET path=/v1/operations/snapshot status=200 duration=3.873ms
time=2026-03-31T07:04:20.907-03:00 level=INFO msg=http_request request_id=97c192923c1dee194f1c562b method=GET path=/v1/consultants status=200 duration=2.1865ms
time=2026-03-31T07:04:20.909-03:00 level=INFO msg=http_request request_id=7b5baf0b7e7586162d0bb008 method=GET path=/v1/me/context status=200 duration=3.9917ms
time=2026-03-31T07:04:20.910-03:00 level=INFO msg=http_request request_id=451eb5bd2e629917a6554bb1 method=GET path=/v1/me/context status=200 duration=5.1041ms
time=2026-03-31T07:04:20.909-03:00 level=INFO msg=http_request request_id=b51a67e30db7a18752c8833e method=GET path=/v1/consultants status=200 duration=2.6249ms
time=2026-03-31T07:04:20.918-03:00 level=INFO msg=http_request request_id=4025bd2025cd8ba1163c0f88 method=GET path=/v1/operations/snapshot status=200 duration=12.201ms
time=2026-03-31T07:04:20.921-03:00 level=INFO msg=http_request request_id=e3d99e268443dbcc1a7c1635 method=GET path=/v1/consultants status=200 duration=11.952ms
time=2026-03-31T07:04:20.923-03:00 level=INFO msg=http_request request_id=74e3d0f7179c1a70aaee669a method=GET path=/v1/settings status=200 duration=5.025ms
time=2026-03-31T07:04:20.924-03:00 level=INFO msg=http_request request_id=175da10ac83677a1f0deb2a8 method=GET path=/v1/operations/snapshot status=200 duration=5.0354ms
time=2026-03-31T07:04:20.926-03:00 level=INFO msg=http_request request_id=1f9d0e40890b6c4e46c17630 method=GET path=/v1/settings status=200 duration=11.801ms
time=2026-03-31T07:04:20.926-03:00 level=INFO msg=http_request request_id=342b165861046686296879a2 method=GET path=/v1/settings status=200 duration=11.3393ms
time=2026-03-31T07:04:20.935-03:00 level=INFO msg=http_request request_id=b0b509c12540ff4903cd4c2a method=GET path=/v1/consultants status=200 duration=1.0135ms
time=2026-03-31T07:04:20.937-03:00 level=INFO msg=http_request request_id=cde91bf3074893a5562f842e method=GET path=/v1/operations/snapshot status=200 duration=18.6214ms
time=2026-03-31T07:04:20.940-03:00 level=INFO msg=http_request request_id=022dff88c78b3fbc6fcbe8bd method=GET path=/v1/operations/snapshot status=200 duration=6.1839ms
time=2026-03-31T07:04:20.942-03:00 level=INFO msg=http_request request_id=066ca43ea8ec443ff09804b3 method=GET path=/v1/consultants status=200 duration=2.8647ms
time=2026-03-31T07:04:20.940-03:00 level=INFO msg=http_request request_id=85573aad6482adb5f17384ba method=GET path=/v1/settings status=200 duration=6.6938ms
time=2026-03-31T07:04:20.952-03:00 level=INFO msg=http_request request_id=629fc4195e699d2f926da346 method=GET path=/v1/settings status=200 duration=13.2161ms
time=2026-03-31T07:04:21.010-03:00 level=INFO msg=http_request request_id=45d68561650cfa9a1cd85e0a method=GET path=/v1/consultants status=200 duration=7.993ms
time=2026-03-31T07:04:21.011-03:00 level=INFO msg=http_request request_id=b641a21a109a9223800922ae method=GET path=/v1/settings status=200 duration=9.6869ms
time=2026-03-31T07:04:21.013-03:00 level=INFO msg=http_request request_id=23eceeed04ba81075a56d2c5 method=GET path=/v1/operations/snapshot status=200 duration=10.8224ms
time=2026-03-31T07:04:21.013-03:00 level=INFO msg=http_request request_id=5f61d01da791cd03d0594b1c method=GET path=/v1/me/context status=200 duration=2.817ms
time=2026-03-31T07:04:21.019-03:00 level=INFO msg=http_request request_id=0a19317fb7561311cbd6d589 method=GET path=/v1/operations/snapshot status=200 duration=13.3011ms
time=2026-03-31T07:04:21.034-03:00 level=INFO msg=http_request request_id=d12795d50e25a749d51a74e9 method=GET path=/v1/consultants status=200 duration=2.6161ms
time=2026-03-31T07:04:21.034-03:00 level=INFO msg=http_request request_id=b163ad9f890a289516510ae0 method=GET path=/v1/settings status=200 duration=3.8071ms
time=2026-03-31T07:04:21.035-03:00 level=INFO msg=http_request request_id=8d0709f18ed594fb1b09b6c8 method=GET path=/v1/operations/snapshot status=200 duration=3.8352ms
time=2026-03-31T07:04:21.056-03:00 level=INFO msg=http_request request_id=7e82b45b2a62017bc3364f55 method=GET path=/v1/me/context status=200 duration=3.0784ms
time=2026-03-31T07:04:21.058-03:00 level=INFO msg=http_request request_id=690bc85cc0fcebb08abb2cd7 method=GET path=/v1/me/context status=200 duration=3.4522ms
time=2026-03-31T07:04:21.062-03:00 level=INFO msg=http_request request_id=7710d958175fdbd994a195c1 method=GET path=/v1/consultants status=200 duration=2.0423ms
time=2026-03-31T07:04:21.063-03:00 level=INFO msg=http_request request_id=15b55547e997b5c5c1f8d208 method=GET path=/v1/settings status=200 duration=2.5632ms
time=2026-03-31T07:04:21.064-03:00 level=INFO msg=http_request request_id=15dafae673bec968e6320518 method=GET path=/v1/operations/snapshot status=200 duration=3.1361ms
time=2026-03-31T07:04:21.068-03:00 level=INFO msg=http_request request_id=8cb07639f9e447be1d997f9b method=GET path=/v1/consultants status=200 duration=2.68ms
time=2026-03-31T07:04:21.072-03:00 level=INFO msg=http_request request_id=7ccd6fdee03c8932957f531f method=GET path=/v1/settings status=200 duration=6.9045ms
time=2026-03-31T07:04:21.074-03:00 level=INFO msg=http_request request_id=267ff2b2002777599b3f33d2 method=GET path=/v1/operations/snapshot status=200 duration=8.1587ms
time=2026-03-31T07:04:23.636-03:00 level=INFO msg=http_request request_id=668b7f7152fcc3b5c5fb7d0c method=GET path=/v1/me/context status=200 duration=3.0753ms
time=2026-03-31T07:04:23.644-03:00 level=INFO msg=http_request request_id=e7f734cf48ee0a49363efa97 method=GET path=/v1/consultants status=200 duration=1.7369ms
time=2026-03-31T07:04:23.645-03:00 level=INFO msg=http_request request_id=fea4e8adaf16376dc36d090f method=GET path=/v1/settings status=200 duration=3.5743ms
time=2026-03-31T07:04:23.648-03:00 level=INFO msg=http_request request_id=356e1b96207f40e5a722eb62 method=GET path=/v1/operations/snapshot status=200 duration=5.5824ms
time=2026-03-31T07:04:23.660-03:00 level=INFO msg=http_request request_id=f2820dd0825138a663ef5ff6 method=GET path=/v1/consultants status=200 duration=1.661ms
time=2026-03-31T07:04:23.662-03:00 level=INFO msg=http_request request_id=8b0d467e21e38f59ac350b3a method=GET path=/v1/settings status=200 duration=4.9526ms
time=2026-03-31T07:04:23.664-03:00 level=INFO msg=http_request request_id=045f361c011b8ffe17c98eea method=GET path=/v1/operations/snapshot status=200 duration=5.7464ms
time=2026-03-31T07:04:24.000-03:00 level=INFO msg=http_request request_id=356a28aca61d118c50b33772 method=GET path=/v1/consultants status=200 duration=1.9428ms
time=2026-03-31T07:04:24.001-03:00 level=INFO msg=http_request request_id=62409d5994f1d80ec84d9429 method=GET path=/v1/settings status=200 duration=3.0296ms
time=2026-03-31T07:04:24.002-03:00 level=INFO msg=http_request request_id=17ebeac315512983fe0eee5e method=GET path=/v1/operations/snapshot status=200 duration=2.8544ms
time=2026-03-31T07:04:24.057-03:00 level=INFO msg=http_request request_id=a0f6e1726835fbea171435d4 method=GET path=/v1/me/context status=200 duration=2.4532ms
time=2026-03-31T07:04:24.067-03:00 level=INFO msg=http_request request_id=eaa9121ee9c7a31ea3e483e1 method=GET path=/v1/me/context status=200 duration=1.8322ms
time=2026-03-31T07:04:24.074-03:00 level=INFO msg=http_request request_id=3c23a90d18fc60c927fa1ed0 method=GET path=/v1/consultants status=200 duration=3.5924ms
time=2026-03-31T07:04:24.076-03:00 level=INFO msg=http_request request_id=b7a7fa4f4e0d1565d3020c97 method=GET path=/v1/settings status=200 duration=7.2004ms
time=2026-03-31T07:04:24.076-03:00 level=INFO msg=http_request request_id=28f03cc84d0e623aa79730c8 method=GET path=/v1/operations/snapshot status=200 duration=5.6793ms
time=2026-03-31T07:04:24.087-03:00 level=INFO msg=http_request request_id=fccff39914b77702d43e0825 method=GET path=/v1/me/context status=200 duration=7.3029ms
time=2026-03-31T07:04:24.091-03:00 level=INFO msg=http_request request_id=570606bc868f4567f9ae6c71 method=GET path=/v1/me/context status=200 duration=9.8908ms
time=2026-03-31T07:04:24.095-03:00 level=INFO msg=http_request request_id=c60674a7e2a72fc2a1ef050d method=GET path=/v1/me/context status=200 duration=12.0997ms
time=2026-03-31T07:04:24.095-03:00 level=INFO msg=http_request request_id=e6baa8a7a5769a0309c7ef06 method=GET path=/v1/me/context status=200 duration=9.7002ms
time=2026-03-31T07:04:24.101-03:00 level=INFO msg=http_request request_id=c594ef9b4062663c51ded50e method=GET path=/v1/operations/snapshot status=200 duration=7.3752ms
time=2026-03-31T07:04:24.102-03:00 level=INFO msg=http_request request_id=19936ede9534f1e371ee9205 method=GET path=/v1/settings status=200 duration=8.4574ms
time=2026-03-31T07:04:24.103-03:00 level=INFO msg=http_request request_id=1971f51721d52997589a61b7 method=GET path=/v1/consultants status=200 duration=2.5923ms
time=2026-03-31T07:04:24.108-03:00 level=INFO msg=http_request request_id=85308daad8c99063c3ca95c7 method=GET path=/v1/consultants status=200 duration=1.1183ms
time=2026-03-31T07:04:24.111-03:00 level=INFO msg=http_request request_id=383553c421951e4c7cf8473d method=GET path=/v1/settings status=200 duration=4.1934ms
time=2026-03-31T07:04:24.111-03:00 level=INFO msg=http_request request_id=df9388590e2e6675f76182c2 method=GET path=/v1/operations/snapshot status=200 duration=4.2212ms
time=2026-03-31T07:04:24.113-03:00 level=INFO msg=http_request request_id=e6be96b72dd93277efe062f9 method=GET path=/v1/consultants status=200 duration=1.1377ms
time=2026-03-31T07:04:24.115-03:00 level=INFO msg=http_request request_id=34e973b87ddd06b2e053d95a method=GET path=/v1/settings status=200 duration=2.9936ms
time=2026-03-31T07:04:24.116-03:00 level=INFO msg=http_request request_id=8e48d4e025431f574ecf2de9 method=GET path=/v1/operations/snapshot status=200 duration=3.5846ms
time=2026-03-31T07:04:24.118-03:00 level=INFO msg=http_request request_id=d09cf6fd801bdd42bb5526e4 method=GET path=/v1/consultants status=200 duration=1.1201ms
time=2026-03-31T07:04:24.119-03:00 level=INFO msg=http_request request_id=6e97034db4988a8577d08b84 method=GET path=/v1/settings status=200 duration=2.843ms
time=2026-03-31T07:04:24.119-03:00 level=INFO msg=http_request request_id=7c6c3af2e43c0e7fc7dc3635 method=GET path=/v1/operations/snapshot status=200 duration=2.3095ms
time=2026-03-31T07:04:24.122-03:00 level=INFO msg=http_request request_id=ff2d2a503d840ea34c90288a method=GET path=/v1/consultants status=200 duration=1.4293ms
time=2026-03-31T07:04:24.123-03:00 level=INFO msg=http_request request_id=c55a231da50b1eba80257146 method=GET path=/v1/settings status=200 duration=3.0508ms
time=2026-03-31T07:04:24.125-03:00 level=INFO msg=http_request request_id=fcbc6432a4d207d112736817 method=GET path=/v1/operations/snapshot status=200 duration=4.2555ms
time=2026-03-31T07:04:24.137-03:00 level=INFO msg=http_request request_id=43d427842ddaaa5967393559 method=GET path=/v1/settings status=200 duration=11.5209ms
time=2026-03-31T07:04:24.205-03:00 level=INFO msg=http_request request_id=cf529868a9fb67e7f89d9c38 method=GET path=/v1/consultants status=200 duration=10.9071ms
time=2026-03-31T07:04:24.211-03:00 level=INFO msg=http_request request_id=68c4dfa572364980313be693 method=GET path=/v1/me/context status=200 duration=5.4124ms
time=2026-03-31T07:04:24.211-03:00 level=INFO msg=http_request request_id=d41444318b62dc4e0a8a7004 method=GET path=/v1/operations/snapshot status=200 duration=16.8806ms
time=2026-03-31T07:04:24.223-03:00 level=INFO msg=http_request request_id=cace7d5f679d61302d23d440 method=GET path=/v1/me/context status=200 duration=3.3602ms
time=2026-03-31T07:04:24.227-03:00 level=INFO msg=http_request request_id=5068d8cc7f3eae1cb0322c52 method=GET path=/v1/consultants status=200 duration=2.044ms
time=2026-03-31T07:04:24.231-03:00 level=INFO msg=http_request request_id=90474c989cafd2a067684552 method=GET path=/v1/operations/snapshot status=200 duration=5.2605ms
time=2026-03-31T07:04:24.233-03:00 level=INFO msg=http_request request_id=7620899792aaa5f573982819 method=GET path=/v1/settings status=200 duration=7.5044ms
time=2026-03-31T07:04:24.250-03:00 level=INFO msg=http_request request_id=a8d9ffb544d584b8aaebc777 method=GET path=/v1/me/context status=200 duration=3.9013ms
time=2026-03-31T07:04:24.252-03:00 level=INFO msg=http_request request_id=94f21f1c0ebc70223170478d method=GET path=/v1/consultants status=200 duration=1.19ms
time=2026-03-31T07:04:24.252-03:00 level=INFO msg=http_request request_id=6be80a373b3896b0f6489da7 method=GET path=/v1/settings status=200 duration=2.4402ms
time=2026-03-31T07:04:24.255-03:00 level=INFO msg=http_request request_id=d99a6e0f5e99a246b71a9d7b method=GET path=/v1/operations/snapshot status=200 duration=3.7067ms
time=2026-03-31T07:04:24.267-03:00 level=INFO msg=http_request request_id=e83032b6ad056eb21a9fe59e method=GET path=/v1/consultants status=200 duration=2.0185ms
time=2026-03-31T07:04:24.270-03:00 level=INFO msg=http_request request_id=73bc1cdbf160dedbcbdc7c3e method=GET path=/v1/settings status=200 duration=5.6654ms
time=2026-03-31T07:04:24.273-03:00 level=INFO msg=http_request request_id=8cb0d703e2e52783041e3698 method=GET path=/v1/operations/snapshot status=200 duration=5.5666ms
time=2026-03-31T07:04:26.731-03:00 level=INFO msg=http_request request_id=d520206d418626d3d7888936 method=POST path=/v1/auth/login status=200 duration=68.9687ms
time=2026-03-31T07:04:26.748-03:00 level=INFO msg=http_request request_id=d9d86c3347012e15fcac6a27 method=GET path=/v1/me/context status=200 duration=3.0375ms
time=2026-03-31T07:04:26.810-03:00 level=INFO msg=http_request request_id=f3af94e01eab16c1e9588564 method=GET path=/v1/consultants status=200 duration=1.2601ms
time=2026-03-31T07:04:26.811-03:00 level=INFO msg=http_request request_id=68b930303dcb4c8d24f28ec0 method=GET path=/v1/settings status=200 duration=2.9774ms
time=2026-03-31T07:04:26.813-03:00 level=INFO msg=http_request request_id=cf7adf28f6b00d3932d55c41 method=GET path=/v1/operations/snapshot status=200 duration=4.2579ms
time=2026-03-31T07:04:26.844-03:00 level=INFO msg=http_request request_id=ec685325a51f56a50514aa28 method=GET path=/v1/me/context status=200 duration=3.6861ms
time=2026-03-31T07:04:26.850-03:00 level=INFO msg=http_request request_id=79048dba89805b4faa725ab0 method=GET path=/v1/consultants status=200 duration=1.1665ms
time=2026-03-31T07:04:26.851-03:00 level=INFO msg=http_request request_id=70f0cc98610ec09b6ed2ac77 method=GET path=/v1/settings status=200 duration=1.715ms
time=2026-03-31T07:04:26.851-03:00 level=INFO msg=http_request request_id=d065c2a25f94befc67e2974d method=GET path=/v1/operations/snapshot status=200 duration=1.687ms
time=2026-03-31T07:04:26.867-03:00 level=INFO msg=http_request request_id=6b675f0a14eae3a741acc8ca method=GET path=/v1/consultants status=200 duration=1.2419ms
time=2026-03-31T07:04:26.870-03:00 level=INFO msg=http_request request_id=65e9b585329df5c061bdc932 method=GET path=/v1/settings status=200 duration=4.1502ms
time=2026-03-31T07:04:26.870-03:00 level=INFO msg=http_request request_id=be74b644d0924023a25739e1 method=GET path=/v1/operations/snapshot status=200 duration=3.0115ms
time=2026-03-31T07:04:26.910-03:00 level=INFO msg=http_request request_id=6b3f691e981ab0c1def4aa43 method=GET path=/v1/consultants status=200 duration=1.3067ms
time=2026-03-31T07:04:26.911-03:00 level=INFO msg=http_request request_id=0c02a25f7d1c4855f7e30c03 method=GET path=/v1/settings status=200 duration=3.1204ms
time=2026-03-31T07:04:26.914-03:00 level=INFO msg=http_request request_id=670122679710b21b1981ed24 method=GET path=/v1/operations/snapshot status=200 duration=4.2642ms
time=2026-03-31T07:04:27.000-03:00 level=INFO msg=http_request request_id=394fb97704abf293949beb67 method=GET path=/v1/me/context status=200 duration=4.4911ms
time=2026-03-31T07:04:27.000-03:00 level=INFO msg=http_request request_id=d06c72972c70d6c49edbc992 method=GET path=/v1/me/context status=200 duration=3.2792ms
time=2026-03-31T07:04:27.006-03:00 level=INFO msg=http_request request_id=e91c3828b492f7f9b20eb8b4 method=GET path=/v1/me/context status=200 duration=3.2718ms
time=2026-03-31T07:04:27.007-03:00 level=INFO msg=http_request request_id=da916f27dcb2e79eabdd04a6 method=GET path=/v1/me/context status=200 duration=3.2237ms
time=2026-03-31T07:04:27.009-03:00 level=INFO msg=http_request request_id=87b21a0769ca005ac98cfce0 method=GET path=/v1/me/context status=200 duration=3.5951ms
time=2026-03-31T07:04:27.009-03:00 level=INFO msg=http_request request_id=55eb774356e3c5eadcf60437 method=GET path=/v1/me/context status=200 duration=2.2907ms
time=2026-03-31T07:04:27.013-03:00 level=INFO msg=http_request request_id=2a4c995f4f16c2563d9ed986 method=GET path=/v1/consultants status=200 duration=1.5766ms
time=2026-03-31T07:04:27.015-03:00 level=INFO msg=http_request request_id=2cb7e3f8149f1f8b5cb4a9e1 method=GET path=/v1/settings status=200 duration=4.5101ms
time=2026-03-31T07:04:27.016-03:00 level=INFO msg=http_request request_id=029e4414dc29f1f59813c4f6 method=GET path=/v1/operations/snapshot status=200 duration=4.7235ms
time=2026-03-31T07:04:27.018-03:00 level=INFO msg=http_request request_id=e4864420246c27225fb3b3b2 method=GET path=/v1/consultants status=200 duration=1.7333ms
time=2026-03-31T07:04:27.020-03:00 level=INFO msg=http_request request_id=3ab6fa41abdd51e492677b6e method=GET path=/v1/settings status=200 duration=3.6172ms
time=2026-03-31T07:04:27.021-03:00 level=INFO msg=http_request request_id=c039c7a852b6e304f2d9dca2 method=GET path=/v1/operations/snapshot status=200 duration=3.6271ms
time=2026-03-31T07:04:27.023-03:00 level=INFO msg=http_request request_id=4e9dba90ff7594bfaa01d37e method=GET path=/v1/consultants status=200 duration=1.6111ms
time=2026-03-31T07:04:27.026-03:00 level=INFO msg=http_request request_id=1d4cee57ca06f9fda6c9e179 method=GET path=/v1/settings status=200 duration=3.8967ms
time=2026-03-31T07:04:27.028-03:00 level=INFO msg=http_request request_id=9686e4fbc1a2962ab205d9a1 method=GET path=/v1/operations/snapshot status=200 duration=6.1937ms
time=2026-03-31T07:04:27.031-03:00 level=INFO msg=http_request request_id=af9ab5fd6f6e8fbfe1974c56 method=GET path=/v1/consultants status=200 duration=3.3702ms
time=2026-03-31T07:04:27.033-03:00 level=INFO msg=http_request request_id=d3ff30d5519b20652d7f1aa7 method=GET path=/v1/settings status=200 duration=5.9102ms
time=2026-03-31T07:04:27.036-03:00 level=INFO msg=http_request request_id=3a25bfbf9ca85f42433bf9c1 method=GET path=/v1/consultants status=200 duration=2.5367ms
time=2026-03-31T07:04:27.036-03:00 level=INFO msg=http_request request_id=e877cb6909482292078bf234 method=GET path=/v1/operations/snapshot status=200 duration=8.3158ms
time=2026-03-31T07:04:27.038-03:00 level=INFO msg=http_request request_id=7ec4aa3b2e969dc6a6e4c444 method=GET path=/v1/operations/snapshot status=200 duration=4.1467ms
time=2026-03-31T07:04:27.039-03:00 level=INFO msg=http_request request_id=fbfdea14e7968c3b0a3b1d4e method=GET path=/v1/settings status=200 duration=5.7007ms
time=2026-03-31T07:04:27.041-03:00 level=INFO msg=http_request request_id=4cc66a07dfb52d34f7f17e76 method=GET path=/v1/consultants status=200 duration=2.3186ms
time=2026-03-31T07:04:27.045-03:00 level=INFO msg=http_request request_id=9882d4b95f3a0b5fbf95ae20 method=GET path=/v1/settings status=200 duration=7.3958ms
time=2026-03-31T07:04:27.152-03:00 level=INFO msg=http_request request_id=f9c3cef153fe781e87061f6d method=GET path=/v1/consultants status=200 duration=3.1095ms
time=2026-03-31T07:04:27.154-03:00 level=INFO msg=http_request request_id=195fc625d031c580e7f086cf method=GET path=/v1/settings status=200 duration=4.828ms
time=2026-03-31T07:04:27.156-03:00 level=INFO msg=http_request request_id=de51c186e932096ddb33678c method=GET path=/v1/operations/snapshot status=200 duration=6.7908ms
time=2026-03-31T07:04:27.157-03:00 level=INFO msg=http_request request_id=a96961637f2965a7d195b821 method=GET path=/v1/operations/snapshot status=200 duration=7.8703ms
time=2026-03-31T07:04:27.195-03:00 level=INFO msg=http_request request_id=6e788bfefbb4c7f4bbc225ca method=GET path=/v1/me/context status=200 duration=3.6839ms
time=2026-03-31T07:04:27.203-03:00 level=INFO msg=http_request request_id=c72bb9f44a24d9d6c4fb459c method=GET path=/v1/me/context status=200 duration=2.9445ms
time=2026-03-31T07:04:27.208-03:00 level=INFO msg=http_request request_id=b68ae77a7bc448920691f128 method=GET path=/v1/consultants status=200 duration=2.0111ms
time=2026-03-31T07:04:27.211-03:00 level=INFO msg=http_request request_id=a1d13bb3a3a8b05511b618ba method=GET path=/v1/settings status=200 duration=4.8421ms
time=2026-03-31T07:04:27.211-03:00 level=INFO msg=http_request request_id=fd38c524a06c1685a480ff04 method=GET path=/v1/operations/snapshot status=200 duration=4.3294ms
time=2026-03-31T07:04:27.215-03:00 level=INFO msg=http_request request_id=f6ae2782be1bef5f0452f724 method=GET path=/v1/me/context status=200 duration=4.4165ms
time=2026-03-31T07:04:27.220-03:00 level=INFO msg=http_request request_id=7119852fb890c384d80f5793 method=GET path=/v1/consultants status=200 duration=1.6614ms
time=2026-03-31T07:04:27.221-03:00 level=INFO msg=http_request request_id=91c06f10461c883e91abc76f method=GET path=/v1/settings status=200 duration=3.3105ms
time=2026-03-31T07:04:27.222-03:00 level=INFO msg=http_request request_id=e39afb321229d42a1331b1a5 method=GET path=/v1/operations/snapshot status=200 duration=3.2836ms
time=2026-03-31T07:04:27.239-03:00 level=INFO msg=http_request request_id=10997aa33868c81539014a97 method=GET path=/v1/consultants status=200 duration=1.2166ms
time=2026-03-31T07:04:27.244-03:00 level=INFO msg=http_request request_id=cd948976bec9291c011529f8 method=GET path=/v1/operations/snapshot status=200 duration=5.5075ms
time=2026-03-31T07:04:27.246-03:00 level=INFO msg=http_request request_id=14b7c2af57b457222b9bb830 method=GET path=/v1/settings status=200 duration=8.5853ms
time=2026-03-31T07:04:27.279-03:00 level=INFO msg=http_request request_id=30f202cf2074ae33de16d635 method=GET path=/v1/me/context status=200 duration=2.5213ms
time=2026-03-31T07:04:27.286-03:00 level=INFO msg=http_request request_id=ce6a310e35ca35ffb534aec0 method=GET path=/v1/consultants status=200 duration=1.5988ms
time=2026-03-31T07:04:27.287-03:00 level=INFO msg=http_request request_id=ccd16c3b0ccf7cbb52df7482 method=GET path=/v1/operations/snapshot status=200 duration=2.711ms
time=2026-03-31T07:04:27.287-03:00 level=INFO msg=http_request request_id=af2bd40264cc34b8cf1c5c06 method=GET path=/v1/settings status=200 duration=3.2183ms
time=2026-03-31T07:05:07.946-03:00 level=INFO msg=http_request request_id=113c84949d2dcd5a8bc009df method=POST path=/v1/operations/finish status=400 duration=24.4499ms
time=2026-03-31T07:05:14.480-03:00 level=INFO msg=http_request request_id=cac4f4c03336254f3b79d932 method=GET path=/v1/me/context status=200 duration=7.3135ms
time=2026-03-31T07:05:14.489-03:00 level=INFO msg=http_request request_id=728827e33cff688f01457732 method=GET path=/v1/consultants status=200 duration=2.8912ms
time=2026-03-31T07:05:14.495-03:00 level=INFO msg=http_request request_id=081d4c74d167aafec031420f method=GET path=/v1/settings status=200 duration=8.379ms
time=2026-03-31T07:05:14.495-03:00 level=INFO msg=http_request request_id=4d6cf7814e551428ed31df26 method=GET path=/v1/operations/snapshot status=200 duration=8.379ms
time=2026-03-31T07:05:14.513-03:00 level=INFO msg=http_request request_id=ce291cd47beea1cd2a182ca1 method=GET path=/v1/consultants status=200 duration=2.9709ms
time=2026-03-31T07:05:14.516-03:00 level=INFO msg=http_request request_id=aa775b76d3c6ec88cf1c793d method=GET path=/v1/settings status=200 duration=6.7866ms
time=2026-03-31T07:05:14.519-03:00 level=INFO msg=http_request request_id=683bd3b265941b72fd1ae880 method=GET path=/v1/operations/snapshot status=200 duration=8.188ms
time=2026-03-31T07:05:14.902-03:00 level=INFO msg=http_request request_id=78d2aad27f64fadc4f711426 method=GET path=/v1/consultants status=200 duration=1.6958ms
time=2026-03-31T07:05:14.904-03:00 level=INFO msg=http_request request_id=2ea4cfde4d0b3b37b3b05e49 method=GET path=/v1/settings status=200 duration=3.3281ms
time=2026-03-31T07:05:14.904-03:00 level=INFO msg=http_request request_id=5687db96f933f7ab2797aea4 method=GET path=/v1/operations/snapshot status=200 duration=3.3637ms
time=2026-03-31T07:05:14.972-03:00 level=INFO msg=http_request request_id=153fb86f4fbcc207fca64ece method=GET path=/v1/me/context status=200 duration=5.746ms
time=2026-03-31T07:05:14.978-03:00 level=INFO msg=http_request request_id=3dff18ca69a16ea452451016 method=GET path=/v1/me/context status=200 duration=2.8822ms
time=2026-03-31T07:05:14.979-03:00 level=INFO msg=http_request request_id=c7945272fdaef94369c3ac84 method=GET path=/v1/me/context status=200 duration=2.2718ms
time=2026-03-31T07:05:14.980-03:00 level=INFO msg=http_request request_id=e660334febe27393b54f7a0f method=GET path=/v1/me/context status=200 duration=2.4826ms
time=2026-03-31T07:05:15.000-03:00 level=INFO msg=http_request request_id=a55009dc525da77c009b4f93 method=GET path=/v1/consultants status=200 duration=1.9934ms
time=2026-03-31T07:05:15.001-03:00 level=INFO msg=http_request request_id=6a09865cec708cdb91b72474 method=GET path=/v1/settings status=200 duration=3.0991ms
time=2026-03-31T07:05:15.012-03:00 level=INFO msg=http_request request_id=599cca6f4dafc04a2c78b62d method=GET path=/v1/consultants status=200 duration=529.4µs
time=2026-03-31T07:05:15.013-03:00 level=INFO msg=http_request request_id=6e424adcb77f2fe2265934b4 method=GET path=/v1/me/context status=200 duration=2.4078ms
time=2026-03-31T07:05:15.014-03:00 level=INFO msg=http_request request_id=a9a97571ab728d413ee52a18 method=GET path=/v1/consultants status=200 duration=1.4277ms
time=2026-03-31T07:05:15.016-03:00 level=INFO msg=http_request request_id=4d709aea6e6c9cebbdff345b method=GET path=/v1/operations/snapshot status=200 duration=3.9789ms
time=2026-03-31T07:05:15.020-03:00 level=INFO msg=http_request request_id=4cc533ff4182faab46712b0e method=GET path=/v1/me/context status=200 duration=3.2443ms
time=2026-03-31T07:05:15.020-03:00 level=INFO msg=http_request request_id=c721367578b3c56f3e72949e method=GET path=/v1/settings status=200 duration=8.4041ms
time=2026-03-31T07:05:15.020-03:00 level=INFO msg=http_request request_id=69cbed8fb4bc312942b8458f method=GET path=/v1/settings status=200 duration=9.1632ms
time=2026-03-31T07:05:15.025-03:00 level=INFO msg=http_request request_id=4923461784e0c99139dc917a method=GET path=/v1/consultants status=200 duration=4.8316ms
time=2026-03-31T07:05:15.026-03:00 level=INFO msg=http_request request_id=0262fe9bb26701b98eed2d86 method=GET path=/v1/settings status=200 duration=9.0951ms
time=2026-03-31T07:05:15.030-03:00 level=INFO msg=http_request request_id=b114cb5092c6f398547988c2 method=GET path=/v1/operations/snapshot status=200 duration=10.0817ms
time=2026-03-31T07:05:15.030-03:00 level=INFO msg=http_request request_id=73e2ca88f8681b28d0e53dcc method=GET path=/v1/consultants status=200 duration=2.7052ms
time=2026-03-31T07:05:15.030-03:00 level=INFO msg=http_request request_id=66afe81fc20b01e2a7c5afc5 method=GET path=/v1/operations/snapshot status=200 duration=10.6252ms
time=2026-03-31T07:05:15.032-03:00 level=INFO msg=http_request request_id=1ceb9646c549de67bda44258 method=GET path=/v1/settings status=200 duration=4.8662ms
time=2026-03-31T07:05:15.034-03:00 level=INFO msg=http_request request_id=7d207069c4f0f675e42ea214 method=GET path=/v1/operations/snapshot status=200 duration=6.2838ms
time=2026-03-31T07:05:15.035-03:00 level=INFO msg=http_request request_id=ea247454d10e3ce14a1fa4e7 method=GET path=/v1/operations/snapshot status=200 duration=23.4742ms
time=2026-03-31T07:05:15.047-03:00 level=INFO msg=http_request request_id=18557b4f01493570da3d39c5 method=GET path=/v1/consultants status=200 duration=1.3677ms
time=2026-03-31T07:05:15.049-03:00 level=INFO msg=http_request request_id=0ab58de1e7e1efc876b58b93 method=GET path=/v1/settings status=200 duration=3.7616ms
time=2026-03-31T07:05:15.054-03:00 level=INFO msg=http_request request_id=718bf7c607732fbe9bf36e32 method=GET path=/v1/operations/snapshot status=200 duration=7.3719ms
time=2026-03-31T07:05:15.098-03:00 level=INFO msg=http_request request_id=92535e005a6ad8d27cdeab40 method=GET path=/v1/consultants status=200 duration=2.7986ms
time=2026-03-31T07:05:15.103-03:00 level=INFO msg=http_request request_id=2cf1c6c92f438d4e05436824 method=GET path=/v1/operations/snapshot status=200 duration=6.9178ms
time=2026-03-31T07:05:15.105-03:00 level=INFO msg=http_request request_id=2c7592a500bb15b045a8dfff method=GET path=/v1/settings status=200 duration=9.1818ms
time=2026-03-31T07:05:15.135-03:00 level=INFO msg=http_request request_id=80e6e49949ea832b6f68fe7a method=GET path=/v1/me/context status=200 duration=3.8048ms
time=2026-03-31T07:05:15.140-03:00 level=INFO msg=http_request request_id=3697161a1db8573a35a39a78 method=GET path=/v1/me/context status=200 duration=2.2014ms
time=2026-03-31T07:05:15.144-03:00 level=INFO msg=http_request request_id=933962b86fba2939d7ed0e04 method=GET path=/v1/consultants status=200 duration=1.1278ms
time=2026-03-31T07:05:15.145-03:00 level=INFO msg=http_request request_id=0a8841b7924b092ae71f9205 method=GET path=/v1/settings status=200 duration=2.7485ms
time=2026-03-31T07:05:15.145-03:00 level=INFO msg=http_request request_id=32874fbb2e16131dfb361490 method=GET path=/v1/operations/snapshot status=200 duration=2.7477ms
time=2026-03-31T07:05:15.147-03:00 level=INFO msg=http_request request_id=6a8fee24842d506656780921 method=GET path=/v1/me/context status=200 duration=1.6505ms
time=2026-03-31T07:05:15.152-03:00 level=INFO msg=http_request request_id=563ef71b3c5b9b081b2ba19b method=GET path=/v1/consultants status=200 duration=2.0365ms
time=2026-03-31T07:05:15.154-03:00 level=INFO msg=http_request request_id=c85cb6a4cf9f65c7f98b5733 method=GET path=/v1/settings status=200 duration=5.1263ms
time=2026-03-31T07:05:15.155-03:00 level=INFO msg=http_request request_id=25b4857fd21162c044de3334 method=GET path=/v1/operations/snapshot status=200 duration=5.0432ms
time=2026-03-31T07:05:15.166-03:00 level=INFO msg=http_request request_id=0440cb6438ccbbfe28ae67ed method=GET path=/v1/consultants status=200 duration=1.2454ms
time=2026-03-31T07:05:15.168-03:00 level=INFO msg=http_request request_id=27d5fd6dcc606192bad2a829 method=GET path=/v1/settings status=200 duration=3.4488ms
time=2026-03-31T07:05:15.170-03:00 level=INFO msg=http_request request_id=8324b43ef59e4c5e489f3bbc method=GET path=/v1/operations/snapshot status=200 duration=4.4788ms
